Dec 24 11:42:01 [undefined] info: Built src/index.ts/dist/index.js
Dec 24 11:42:01 [undefined] info: Built src/index.ts/dist/index.mjs
Dec 24 11:42:02 [undefined] info: Built src/index.ts/dist/index.d.ts
Jan 07 20:15:38 [undefined] info: Built src/index.ts/dist/index.js
Jan 07 20:15:38 [undefined] info: Built src/index.ts/dist/index.mjs
Jan 07 20:15:38 [undefined] info: Built src/index.ts/dist/index.d.ts
Jan 15 14:54:46 [undefined] info: Built src/index.ts/dist/index.js
Jan 15 14:54:46 [undefined] info: Built src/index.ts/dist/index.mjs
Jan 15 14:54:47 [undefined] info: Built src/index.ts/dist/index.d.ts
Jan 15 14:55:25 [undefined] info: Built src/index.ts/dist/index.js
Jan 15 14:55:25 [undefined] info: Built src/index.ts/dist/index.mjs
Jan 15 14:55:25 [undefined] info: Built src/index.ts/dist/index.d.ts
Jan 15 14:55:36 [undefined] info: Built src/index.ts/dist/index.js
Jan 15 14:55:36 [undefined] info: Built src/index.ts/dist/index.mjs
Jan 15 14:55:37 [undefined] info: Built src/index.ts/dist/index.d.ts
Jan 15 17:57:11 [undefined] info: Built src/index.ts/dist/index.js
Jan 15 17:57:11 [undefined] info: Built src/index.ts/dist/index.mjs
Jan 15 17:57:12 [undefined] info: Built src/index.ts/dist/index.d.ts
Jan 16 14:18:46 [undefined] info: Built src/index.ts/dist/index.js
Jan 16 14:18:46 [undefined] info: Built src/index.ts/dist/index.mjs
Jan 16 14:18:47 [undefined] info: Built src/index.ts/dist/index.d.ts
Jan 16 15:50:17 [undefined] info: Built src/index.ts/dist/index.js
Jan 16 15:50:17 [undefined] info: Built src/index.ts/dist/index.mjs
Jan 16 15:50:18 [undefined] info: Built src/index.ts/dist/index.d.ts
Jan 16 18:36:16 [undefined] info: Built src/index.ts/dist/index.js
Jan 16 18:36:16 [undefined] info: Built src/index.ts/dist/index.mjs
Jan 16 18:36:17 [undefined] info: Built src/index.ts/dist/index.d.ts
Jan 17 09:46:24 [undefined] info: Built src/index.ts/dist/index.js
Jan 17 09:46:24 [undefined] info: Built src/index.ts/dist/index.mjs
Jan 17 09:46:24 [undefined] info: Built src/index.ts/dist/index.d.ts
Jan 17 10:03:39 [undefined] info: Built src/index.ts/dist/index.js
Jan 17 10:03:39 [undefined] info: Built src/index.ts/dist/index.mjs
Jan 17 10:03:40 [undefined] info: Built src/index.ts/dist/index.d.ts
Jan 17 11:47:27 [undefined] info: Built src/index.ts/dist/index.js
Jan 17 11:47:27 [undefined] info: Built src/index.ts/dist/index.mjs
Jan 17 11:47:28 [undefined] info: Built src/index.ts/dist/index.d.ts
Jan 18 19:09:57 [undefined] info: Built src/index.ts/dist/index.js
Jan 18 19:09:57 [undefined] info: Built src/index.ts/dist/index.mjs
Jan 18 19:09:58 [undefined] info: Built src/index.ts/dist/index.d.ts
Jan 18 19:24:05 [undefined] info: Built src/index.ts/dist/index.js
Jan 18 19:24:05 [undefined] info: Built src/index.ts/dist/index.mjs
Jan 18 19:24:06 [undefined] info: Built src/index.ts/dist/index.d.ts
Jan 18 20:27:33 [undefined] info: Built src/index.ts/dist/index.js
Jan 18 20:27:33 [undefined] info: Built src/index.ts/dist/index.mjs
Jan 18 20:27:34 [undefined] info: Built src/index.ts/dist/index.d.ts
Jan 19 13:13:25 [undefined] info: Built src/index.ts/dist/index.js
Jan 19 13:13:25 [undefined] info: Built src/index.ts/dist/index.mjs
Jan 19 13:13:25 [undefined] info: Built src/index.ts/dist/index.d.ts
Jan 20 10:56:06 [undefined] info: Built src/index.ts/dist/index.js
Jan 20 10:56:06 [undefined] info: Built src/index.ts/dist/index.mjs
Jan 20 10:56:07 [undefined] info: Built src/index.ts/dist/index.d.ts
Jan 20 11:07:45 [undefined] info: Built src/index.ts/dist/index.js
Jan 20 11:07:45 [undefined] info: Built src/index.ts/dist/index.mjs
Jan 20 11:07:45 [undefined] info: Built src/index.ts/dist/index.d.ts
Jan 20 11:19:52 [undefined] info: Built src/index.ts/dist/index.js
Jan 20 11:19:52 [undefined] info: Built src/index.ts/dist/index.mjs
Jan 20 11:19:52 [undefined] info: Built src/index.ts/dist/index.d.ts
Jan 20 11:21:28 [undefined] info: Built src/index.ts/dist/index.js
Jan 20 11:21:28 [undefined] info: Built src/index.ts/dist/index.mjs
Jan 20 11:21:29 [undefined] info: Built src/index.ts/dist/index.d.ts
Jan 20 11:23:48 [undefined] info: Built src/index.ts/dist/index.js
Jan 20 11:23:48 [undefined] info: Built src/index.ts/dist/index.mjs
Jan 20 11:23:49 [undefined] info: Built src/index.ts/dist/index.d.ts
Jan 20 11:38:06 [undefined] info: Built src/index.ts/dist/index.js
Jan 20 11:38:06 [undefined] info: Built src/index.ts/dist/index.mjs
Jan 20 11:38:06 [undefined] info: Built src/index.ts/dist/index.d.ts
Jan 20 11:51:44 [undefined] info: Built src/index.ts/dist/index.js
Jan 20 11:51:44 [undefined] info: Built src/index.ts/dist/index.mjs
Jan 20 11:51:45 [undefined] info: Built src/index.ts/dist/index.d.ts
Jan 20 12:12:15 [undefined] info: Built src/index.ts/dist/index.js
Jan 20 12:12:15 [undefined] info: Built src/index.ts/dist/index.mjs
Jan 20 12:12:24 [undefined] info: Built src/index.ts/dist/index.d.ts
Jan 20 12:16:52 [undefined] info: Built src/index.ts/dist/index.js
Jan 20 12:16:52 [undefined] info: Built src/index.ts/dist/index.mjs
Jan 20 12:16:53 [undefined] info: Built src/index.ts/dist/index.d.ts
Jan 20 18:54:48 [undefined] info: Built src/index.ts/dist/index.js
Jan 20 18:54:48 [undefined] info: Built src/index.ts/dist/index.mjs
Jan 20 18:54:54 [undefined] info: Built src/index.ts/dist/index.d.ts
Jan 21 08:16:59 [undefined] info: Built src/index.ts/dist/index.js
Jan 21 08:16:59 [undefined] info: Built src/index.ts/dist/index.mjs
Jan 21 08:16:59 [undefined] info: Built src/index.ts/dist/index.d.ts
Jan 21 10:02:05 [undefined] info: Built src/index.ts/dist/index.js
Jan 21 10:02:05 [undefined] info: Built src/index.ts/dist/index.mjs
Jan 21 10:02:06 [undefined] info: Built src/index.ts/dist/index.d.ts
Jan 21 10:03:05 [undefined] info: Built src/index.ts/dist/index.js
Jan 21 10:03:05 [undefined] info: Built src/index.ts/dist/index.mjs
Jan 21 10:03:05 [undefined] info: Built src/index.ts/dist/index.d.ts
Jan 21 10:55:38 [undefined] info: Built src/index.ts/dist/index.js
Jan 21 10:55:38 [undefined] info: Built src/index.ts/dist/index.mjs
Jan 21 10:55:39 [undefined] info: Built src/index.ts/dist/index.d.ts
Jan 22 11:20:42 [undefined] info: Built src/index.ts/dist/index.js
Jan 22 11:20:42 [undefined] info: Built src/index.ts/dist/index.mjs
Jan 22 11:20:43 [undefined] info: Built src/index.ts/dist/index.d.ts
Jan 22 15:35:09 [undefined] info: Built src/index.ts/dist/index.js
Jan 22 15:35:09 [undefined] info: Built src/index.ts/dist/index.mjs
Jan 22 15:35:10 [undefined] info: Built src/index.ts/dist/index.d.ts
Jan 23 10:09:03 [undefined] info: Built src/index.ts/dist/index.js
Jan 23 10:09:03 [undefined] info: Built src/index.ts/dist/index.mjs
Jan 23 10:09:04 [undefined] info: Built src/index.ts/dist/index.d.ts
Jan 23 10:10:08 [undefined] info: Built src/index.ts/dist/index.js
Jan 23 10:10:08 [undefined] info: Built src/index.ts/dist/index.mjs
Jan 23 10:10:08 [undefined] info: Built src/index.ts/dist/index.d.ts
Jan 23 10:11:11 [undefined] info: Built src/index.ts/dist/index.js
Jan 23 10:11:11 [undefined] info: Built src/index.ts/dist/index.mjs
Jan 23 10:11:12 [undefined] info: Built src/index.ts/dist/index.d.ts
Jan 23 10:11:41 [undefined] info: Built src/index.ts/dist/index.js
Jan 23 10:11:41 [undefined] info: Built src/index.ts/dist/index.mjs
Jan 23 10:11:41 [undefined] info: Built src/index.ts/dist/index.d.ts
Jan 23 10:12:13 [undefined] info: Built src/index.ts/dist/index.js
Jan 23 10:12:13 [undefined] info: Built src/index.ts/dist/index.mjs
Jan 23 10:12:14 [undefined] info: Built src/index.ts/dist/index.d.ts
Jan 23 10:13:42 [undefined] info: Built src/index.ts/dist/index.js
Jan 23 10:13:42 [undefined] info: Built src/index.ts/dist/index.mjs
Jan 23 10:13:43 [undefined] info: Built src/index.ts/dist/index.d.ts
Jan 23 10:18:10 [undefined] info: Built src/index.ts/dist/index.js
Jan 23 10:18:11 [undefined] info: Built src/index.ts/dist/index.mjs
Jan 23 10:18:11 [undefined] info: Built src/index.ts/dist/index.d.ts
Jan 23 10:20:34 [undefined] info: Built src/index.ts/dist/index.js
Jan 23 10:20:34 [undefined] info: Built src/index.ts/dist/index.mjs
Jan 23 10:20:34 [undefined] info: Built src/index.ts/dist/index.d.ts
Jan 23 10:21:47 [undefined] info: Built src/index.ts/dist/index.js
Jan 23 10:21:47 [undefined] info: Built src/index.ts/dist/index.mjs
Jan 23 10:21:48 [undefined] info: Built src/index.ts/dist/index.d.ts
Jan 23 10:26:33 [undefined] info: Built src/index.ts/dist/index.js
Jan 23 10:26:33 [undefined] info: Built src/index.ts/dist/index.mjs
Jan 23 10:26:34 [undefined] info: Built src/index.ts/dist/index.d.ts
Jan 23 10:42:00 [undefined] info: Built src/index.ts/dist/index.js
Jan 23 10:42:00 [undefined] info: Built src/index.ts/dist/index.mjs
Jan 23 10:42:00 [undefined] info: Built src/index.ts/dist/index.d.ts
Jan 23 10:44:39 [undefined] info: Built src/index.ts/dist/index.js
Jan 23 10:44:39 [undefined] info: Built src/index.ts/dist/index.mjs
Jan 23 10:44:39 [undefined] info: Built src/index.ts/dist/index.d.ts
Jan 23 10:47:35 [undefined] info: Built src/index.ts/dist/index.js
Jan 23 10:47:35 [undefined] info: Built src/index.ts/dist/index.mjs
Jan 23 10:47:36 [undefined] info: Built src/index.ts/dist/index.d.ts
Jan 23 10:50:33 [undefined] info: Built src/index.ts/dist/index.js
Jan 23 10:50:33 [undefined] info: Built src/index.ts/dist/index.mjs
Jan 23 10:50:34 [undefined] info: Built src/index.ts/dist/index.d.ts
Jan 24 08:28:39 [undefined] info: Built src/index.ts/dist/index.js
Jan 24 08:28:39 [undefined] info: Built src/index.ts/dist/index.mjs
Jan 24 08:28:39 [undefined] info: Built src/index.ts/dist/index.d.ts
Jan 24 08:43:20 [undefined] info: Built src/index.ts/dist/index.js
Jan 24 08:43:20 [undefined] info: Built src/index.ts/dist/index.mjs
Jan 24 08:43:21 [undefined] info: Built src/index.ts/dist/index.d.ts
Jan 24 09:00:31 [undefined] info: Built src/index.ts/dist/index.js
Jan 24 09:00:31 [undefined] info: Built src/index.ts/dist/index.mjs
Jan 24 09:00:32 [undefined] info: Built src/index.ts/dist/index.d.ts
Jan 24 09:06:46 [undefined] info: Built src/index.ts/dist/index.js
Jan 24 09:06:46 [undefined] info: Built src/index.ts/dist/index.mjs
Jan 24 09:06:47 [undefined] info: Built src/index.ts/dist/index.d.ts
Jan 24 09:07:58 [undefined] info: Built src/index.ts/dist/index.js
Jan 24 09:07:58 [undefined] info: Built src/index.ts/dist/index.mjs
Jan 24 09:07:59 [undefined] info: Built src/index.ts/dist/index.d.ts
Jan 24 09:12:46 [undefined] info: Built src/index.ts/dist/index.js
Jan 24 09:12:46 [undefined] info: Built src/index.ts/dist/index.mjs
Jan 24 09:12:47 [undefined] info: Built src/index.ts/dist/index.d.ts
Jan 24 09:14:06 [undefined] info: Built src/index.ts/dist/index.js
Jan 24 09:14:06 [undefined] info: Built src/index.ts/dist/index.mjs
Jan 24 09:14:07 [undefined] info: Built src/index.ts/dist/index.d.ts
Jan 24 09:15:39 [undefined] info: Built src/index.ts/dist/index.js
Jan 24 09:15:39 [undefined] info: Built src/index.ts/dist/index.mjs
Jan 24 09:15:40 [undefined] info: Built src/index.ts/dist/index.d.ts
Jan 24 09:23:27 [undefined] info: Built src/index.ts/dist/index.js
Jan 24 09:23:27 [undefined] info: Built src/index.ts/dist/index.mjs
Jan 24 09:23:28 [undefined] info: Built src/index.ts/dist/index.d.ts
Jan 24 10:23:03 [undefined] info: Built src/index.ts/dist/index.js
Jan 24 10:23:03 [undefined] info: Built src/index.ts/dist/index.mjs
Jan 24 10:23:04 [undefined] info: Built src/index.ts/dist/index.d.ts
Jan 24 10:23:31 [undefined] info: Built src/index.ts/dist/index.js
Jan 24 10:23:31 [undefined] info: Built src/index.ts/dist/index.mjs
Jan 24 10:23:32 [undefined] info: Built src/index.ts/dist/index.d.ts
Jan 24 10:24:44 [undefined] info: Built src/index.ts/dist/index.js
Jan 24 10:24:44 [undefined] info: Built src/index.ts/dist/index.mjs
Jan 24 10:24:45 [undefined] info: Built src/index.ts/dist/index.d.ts
Jan 24 10:25:37 [undefined] info: Built src/index.ts/dist/index.js
Jan 24 10:25:37 [undefined] info: Built src/index.ts/dist/index.mjs
Jan 24 10:25:39 [undefined] info: Built src/index.ts/dist/index.d.ts
Jan 24 10:28:58 [undefined] info: Built src/index.ts/dist/index.js
Jan 24 10:28:58 [undefined] info: Built src/index.ts/dist/index.mjs
Jan 24 10:28:59 [undefined] info: Built src/index.ts/dist/index.d.ts
Jan 24 10:30:53 [undefined] info: Built src/index.ts/dist/index.js
Jan 24 10:30:53 [undefined] info: Built src/index.ts/dist/index.mjs
Jan 24 10:30:53 [undefined] info: Built src/index.ts/dist/index.d.ts
Jan 24 10:39:22 [undefined] info: Built src/index.ts/dist/index.js
Jan 24 10:39:22 [undefined] info: Built src/index.ts/dist/index.mjs
Jan 24 10:39:23 [undefined] info: Built src/index.ts/dist/index.d.ts
Jan 24 10:48:30 [undefined] info: Built src/index.ts/dist/index.js
Jan 24 10:48:30 [undefined] info: Built src/index.ts/dist/index.mjs
Jan 24 10:48:31 [undefined] info: Built src/index.ts/dist/index.d.ts
Jan 24 10:56:49 [undefined] info: Built src/index.ts/dist/index.js
Jan 24 10:56:49 [undefined] info: Built src/index.ts/dist/index.mjs
Jan 24 10:56:50 [undefined] info: Built src/index.ts/dist/index.d.ts
Jan 24 11:10:14 [undefined] info: Built src/index.ts/dist/index.js
Jan 24 11:10:14 [undefined] info: Built src/index.ts/dist/index.mjs
Jan 24 11:10:15 [undefined] info: Built src/index.ts/dist/index.d.ts
Jan 24 15:50:22 [undefined] info: Built src/index.ts/dist/index.js
Jan 24 15:50:22 [undefined] info: Built src/index.ts/dist/index.mjs
Jan 24 15:50:23 [undefined] info: Built src/index.ts/dist/index.d.ts
Jan 24 15:50:43 [undefined] info: Built src/index.ts/dist/index.js
Jan 24 15:50:43 [undefined] info: Built src/index.ts/dist/index.mjs
Jan 24 15:50:44 [undefined] info: Built src/index.ts/dist/index.d.ts
Jan 24 15:52:48 [undefined] info: Built src/index.ts/dist/index.js
Jan 24 15:52:48 [undefined] info: Built src/index.ts/dist/index.mjs
Jan 24 15:52:49 [undefined] info: Built src/index.ts/dist/index.d.ts
Jan 24 15:53:36 [undefined] info: Built src/index.ts/dist/index.js
Jan 24 15:53:36 [undefined] info: Built src/index.ts/dist/index.mjs
Jan 24 15:53:37 [undefined] info: Built src/index.ts/dist/index.d.ts
Jan 24 16:04:11 [undefined] info: Built src/index.ts/dist/index.js
Jan 24 16:04:11 [undefined] info: Built src/index.ts/dist/index.mjs
Jan 24 16:04:11 [undefined] info: Built src/index.ts/dist/index.d.ts
Jan 24 16:19:29 [undefined] info: Built src/index.ts/dist/index.js
Jan 24 16:19:29 [undefined] info: Built src/index.ts/dist/index.mjs
Jan 24 16:20:29 [undefined] info: Built src/index.ts/dist/index.js
Jan 24 16:20:29 [undefined] info: Built src/index.ts/dist/index.mjs
Jan 24 16:21:35 [undefined] info: Built src/index.ts/dist/index.js
Jan 24 16:21:35 [undefined] info: Built src/index.ts/dist/index.mjs
Jan 24 16:21:36 [undefined] info: Built src/index.ts/dist/index.d.ts
Jan 24 23:32:03 [undefined] info: Built src/index.ts/dist/index.js
Jan 24 23:32:03 [undefined] info: Built src/index.ts/dist/index.mjs
Jan 24 23:32:04 [undefined] info: Built src/index.ts/dist/index.d.ts
Jan 24 23:34:37 [undefined] info: Built src/index.ts/dist/index.js
Jan 24 23:34:37 [undefined] info: Built src/index.ts/dist/index.mjs
Jan 24 23:34:38 [undefined] info: Built src/index.ts/dist/index.d.ts
Jan 24 23:51:16 [undefined] info: Built src/index.ts/dist/index.js
Jan 24 23:51:16 [undefined] info: Built src/index.ts/dist/index.mjs
Jan 24 23:51:17 [undefined] info: Built src/index.ts/dist/index.d.ts
Jan 25 11:00:37 [undefined] info: Built src/index.ts/dist/index.js
Jan 25 11:00:37 [undefined] info: Built src/index.ts/dist/index.mjs
Jan 25 11:00:38 [undefined] info: Built src/index.ts/dist/index.d.ts
Jan 25 11:22:32 [undefined] info: Built src/index.ts/dist/index.js
Jan 25 11:22:32 [undefined] info: Built src/index.ts/dist/index.mjs
Jan 25 11:22:33 [undefined] info: Built src/index.ts/dist/index.d.ts
Jan 25 12:17:42 [undefined] info: Built src/index.ts/dist/index.js
Jan 25 12:17:42 [undefined] info: Built src/index.ts/dist/index.mjs
Jan 25 12:17:42 [undefined] info: Built src/index.ts/dist/index.d.ts
Jan 26 09:29:28 [undefined] info: Built src/index.ts/dist/index.js
Jan 26 09:29:28 [undefined] info: Built src/index.ts/dist/index.mjs
Jan 26 09:29:29 [undefined] info: Built src/index.ts/dist/index.d.ts
Jan 26 09:36:36 [undefined] info: Built src/index.ts/dist/index.js
Jan 26 09:36:36 [undefined] info: Built src/index.ts/dist/index.mjs
Jan 26 09:36:36 [undefined] info: Built src/index.ts/dist/index.d.ts
Jan 26 09:38:57 [undefined] info: Built src/index.ts/dist/index.js
Jan 26 09:38:57 [undefined] info: Built src/index.ts/dist/index.mjs
Jan 26 09:38:58 [undefined] info: Built src/index.ts/dist/index.d.ts
Jan 26 09:42:25 [undefined] info: Built src/index.ts/dist/index.js
Jan 26 09:42:25 [undefined] info: Built src/index.ts/dist/index.mjs
Jan 26 09:42:25 [undefined] info: Built src/index.ts/dist/index.d.ts
Jan 26 09:50:18 [undefined] info: Built src/index.ts/dist/index.js
Jan 26 09:50:18 [undefined] info: Built src/index.ts/dist/index.mjs
Jan 26 09:50:18 [undefined] info: Built src/index.ts/dist/index.d.ts
Jan 28 09:26:25 [undefined] info: Built src/index.ts/dist/index.js
Jan 28 09:26:25 [undefined] info: Built src/index.ts/dist/index.mjs
Jan 28 09:26:26 [undefined] info: Built src/index.ts/dist/index.d.ts
Jan 28 09:28:35 [undefined] info: Built src/index.ts/dist/index.js
Jan 28 09:28:35 [undefined] info: Built src/index.ts/dist/index.mjs
Jan 28 09:28:36 [undefined] info: Built src/index.ts/dist/index.d.ts
Jan 28 09:29:59 [undefined] info: Built src/index.ts/dist/index.js
Jan 28 09:29:59 [undefined] info: Built src/index.ts/dist/index.mjs
Jan 28 09:30:00 [undefined] info: Built src/index.ts/dist/index.d.ts
Jan 28 09:44:08 [undefined] info: Built src/index.ts/dist/index.js
Jan 28 09:44:08 [undefined] info: Built src/index.ts/dist/index.mjs
Jan 28 09:44:09 [undefined] info: Built src/index.ts/dist/index.d.ts
Jan 28 09:53:44 [undefined] info: Built src/index.ts/dist/index.js
Jan 28 09:53:44 [undefined] info: Built src/index.ts/dist/index.mjs
Jan 28 09:53:45 [undefined] info: Built src/index.ts/dist/index.d.ts
Jan 28 10:08:17 [undefined] info: Built src/index.ts/dist/index.js
Jan 28 10:08:17 [undefined] info: Built src/index.ts/dist/index.mjs
Jan 28 10:08:18 [undefined] info: Built src/index.ts/dist/index.d.ts
Jan 28 10:13:20 [undefined] info: Built src/index.ts/dist/index.js
Jan 28 10:13:20 [undefined] info: Built src/index.ts/dist/index.mjs
Jan 28 10:13:21 [undefined] info: Built src/index.ts/dist/index.d.ts
Jan 28 10:21:49 [undefined] info: Built src/index.ts/dist/index.js
Jan 28 10:21:49 [undefined] info: Built src/index.ts/dist/index.mjs
Jan 28 10:21:50 [undefined] info: Built src/index.ts/dist/index.d.ts
Jan 28 10:23:21 [undefined] info: Built src/index.ts/dist/index.js
Jan 28 10:23:21 [undefined] info: Built src/index.ts/dist/index.mjs
Jan 28 10:23:21 [undefined] info: Built src/index.ts/dist/index.d.ts
Jan 28 10:43:42 [undefined] info: Built src/index.ts/dist/index.js
Jan 28 10:43:42 [undefined] info: Built src/index.ts/dist/index.mjs
Jan 28 10:43:43 [undefined] info: Built src/index.ts/dist/index.d.ts
Jan 28 10:44:48 [undefined] info: Built src/index.ts/dist/index.js
Jan 28 10:44:48 [undefined] info: Built src/index.ts/dist/index.mjs
Jan 28 10:44:49 [undefined] info: Built src/index.ts/dist/index.d.ts
Jan 28 10:46:14 [undefined] info: Built src/index.ts/dist/index.js
Jan 28 10:46:14 [undefined] info: Built src/index.ts/dist/index.mjs
Jan 28 10:46:15 [undefined] info: Built src/index.ts/dist/index.d.ts
Jan 28 10:46:44 [undefined] info: Built src/index.ts/dist/index.js
Jan 28 10:46:44 [undefined] info: Built src/index.ts/dist/index.mjs
Jan 28 10:46:45 [undefined] info: Built src/index.ts/dist/index.d.ts
Jan 28 10:47:33 [undefined] info: Built src/index.ts/dist/index.js
Jan 28 10:47:33 [undefined] info: Built src/index.ts/dist/index.mjs
Jan 28 10:47:34 [undefined] info: Built src/index.ts/dist/index.d.ts
Jan 28 10:49:44 [undefined] info: Built src/index.ts/dist/index.js
Jan 28 10:49:44 [undefined] info: Built src/index.ts/dist/index.mjs
Jan 28 10:49:45 [undefined] info: Built src/index.ts/dist/index.d.ts
Jan 28 11:43:37 [undefined] info: Built src/index.ts/dist/index.js
Jan 28 11:43:37 [undefined] info: Built src/index.ts/dist/index.mjs
Jan 28 11:43:38 [undefined] info: Built src/index.ts/dist/index.d.ts
Jan 28 12:15:22 [undefined] info: Built src/index.ts/dist/index.js
Jan 28 12:15:22 [undefined] info: Built src/index.ts/dist/index.mjs
Jan 28 12:15:23 [undefined] info: Built src/index.ts/dist/index.d.ts
Jan 28 12:34:10 [undefined] info: Built src/index.ts/dist/index.js
Jan 28 12:34:10 [undefined] info: Built src/index.ts/dist/index.mjs
Jan 28 12:34:10 [undefined] info: Built src/index.ts/dist/index.d.ts
Jan 29 19:51:47 [undefined] info: Built src/index.ts/dist/index.js
Jan 29 19:51:47 [undefined] info: Built src/index.ts/dist/index.mjs
Jan 29 19:51:48 [undefined] info: Built src/index.ts/dist/index.d.ts
Jan 29 19:52:33 [undefined] info: Built src/index.ts/dist/index.js
Jan 29 19:52:33 [undefined] info: Built src/index.ts/dist/index.mjs
Jan 29 19:52:34 [undefined] info: Built src/index.ts/dist/index.d.ts
Jan 29 20:04:33 [undefined] info: Built src/index.ts/dist/index.js
Jan 29 20:04:33 [undefined] info: Built src/index.ts/dist/index.mjs
Jan 29 20:04:34 [undefined] info: Built src/index.ts/dist/index.d.ts
Jan 29 20:13:12 [undefined] info: Built src/index.ts/dist/index.js
Jan 29 20:13:12 [undefined] info: Built src/index.ts/dist/index.mjs
Jan 29 20:13:13 [undefined] info: Built src/index.ts/dist/index.d.ts
Jan 29 20:13:57 [undefined] info: Built src/index.ts/dist/index.js
Jan 29 20:13:57 [undefined] info: Built src/index.ts/dist/index.mjs
Jan 29 20:13:58 [undefined] info: Built src/index.ts/dist/index.d.ts
Jan 29 20:15:16 [undefined] info: Built src/index.ts/dist/index.js
Jan 29 20:15:16 [undefined] info: Built src/index.ts/dist/index.mjs
Jan 29 20:15:17 [undefined] info: Built src/index.ts/dist/index.d.ts
Jan 29 20:16:37 [undefined] info: Built src/index.ts/dist/index.js
Jan 29 20:16:37 [undefined] info: Built src/index.ts/dist/index.mjs
Jan 29 20:16:38 [undefined] info: Built src/index.ts/dist/index.d.ts
Jan 29 20:57:31 [undefined] info: Built src/index.ts/dist/index.js
Jan 29 20:57:31 [undefined] info: Built src/index.ts/dist/index.mjs
Jan 29 20:57:32 [undefined] info: Built src/index.ts/dist/index.d.ts
Jan 30 10:51:04 [undefined] info: Built src/index.ts/dist/index.js
Jan 30 10:51:04 [undefined] info: Built src/index.ts/dist/index.mjs
Jan 30 10:51:05 [undefined] info: Built src/index.ts/dist/index.d.ts
Jan 30 11:46:38 [undefined] info: Built src/index.ts/dist/index.js
Jan 30 11:46:38 [undefined] info: Built src/index.ts/dist/index.mjs
Jan 30 11:46:39 [undefined] info: Built src/index.ts/dist/index.d.ts
Jan 30 12:42:22 [undefined] info: Built src/index.ts/dist/index.js
Jan 30 12:42:22 [undefined] info: Built src/index.ts/dist/index.mjs
Jan 30 12:42:23 [undefined] info: Built src/index.ts/dist/index.d.ts
Jan 30 15:54:08 [undefined] info: Built src/index.ts/dist/index.js
Jan 30 15:54:08 [undefined] info: Built src/index.ts/dist/index.mjs
Jan 30 15:56:49 [undefined] info: Built src/index.ts/dist/index.js
Jan 30 15:56:49 [undefined] info: Built src/index.ts/dist/index.mjs
Jan 30 15:56:51 [undefined] info: Built src/index.ts/dist/index.d.ts
Jan 30 16:14:07 [undefined] info: Built src/index.ts/dist/index.js
Jan 30 16:14:07 [undefined] info: Built src/index.ts/dist/index.mjs
Jan 30 16:14:08 [undefined] info: Built src/index.ts/dist/index.d.ts
Jan 30 16:16:52 [undefined] info: Built src/index.ts/dist/index.js
Jan 30 16:16:52 [undefined] info: Built src/index.ts/dist/index.mjs
Jan 30 16:16:53 [undefined] info: Built src/index.ts/dist/index.d.ts
Jan 30 16:17:38 [undefined] info: Built src/index.ts/dist/index.js
Jan 30 16:17:38 [undefined] info: Built src/index.ts/dist/index.mjs
Jan 30 16:17:39 [undefined] info: Built src/index.ts/dist/index.d.ts
Jan 30 16:18:25 [undefined] info: Built src/index.ts/dist/index.js
Jan 30 16:18:25 [undefined] info: Built src/index.ts/dist/index.mjs
Jan 30 16:18:25 [undefined] info: Built src/index.ts/dist/index.d.ts
Jan 30 16:19:50 [undefined] info: Built src/index.ts/dist/index.js
Jan 30 16:19:50 [undefined] info: Built src/index.ts/dist/index.mjs
Jan 30 16:19:51 [undefined] info: Built src/index.ts/dist/index.d.ts
Jan 30 16:22:00 [undefined] info: Built src/index.ts/dist/index.js
Jan 30 16:22:00 [undefined] info: Built src/index.ts/dist/index.mjs
Jan 30 16:22:00 [undefined] info: Built src/index.ts/dist/index.d.ts
Jan 30 16:25:22 [undefined] info: Built src/index.ts/dist/index.js
Jan 30 16:25:22 [undefined] info: Built src/index.ts/dist/index.mjs
Jan 30 16:25:22 [undefined] info: Built src/index.ts/dist/index.d.ts
Jan 30 16:26:04 [undefined] info: Built src/index.ts/dist/index.js
Jan 30 16:26:04 [undefined] info: Built src/index.ts/dist/index.mjs
Jan 30 16:26:04 [undefined] info: Built src/index.ts/dist/index.d.ts
Jan 30 16:27:00 [undefined] info: Built src/index.ts/dist/index.js
Jan 30 16:27:00 [undefined] info: Built src/index.ts/dist/index.mjs
Jan 30 16:27:01 [undefined] info: Built src/index.ts/dist/index.d.ts
Jan 30 16:29:12 [undefined] info: Built src/index.ts/dist/index.js
Jan 30 16:29:12 [undefined] info: Built src/index.ts/dist/index.mjs
Jan 30 16:29:13 [undefined] info: Built src/index.ts/dist/index.d.ts
Jan 30 16:32:10 [undefined] info: Built src/index.ts/dist/index.js
Jan 30 16:32:10 [undefined] info: Built src/index.ts/dist/index.mjs
Jan 30 16:32:11 [undefined] info: Built src/index.ts/dist/index.d.ts
Jan 30 16:36:08 [undefined] info: Built src/index.ts/dist/index.js
Jan 30 16:36:08 [undefined] info: Built src/index.ts/dist/index.mjs
Jan 30 16:36:09 [undefined] info: Built src/index.ts/dist/index.d.ts
Jan 30 16:37:19 [undefined] info: Built src/index.ts/dist/index.js
Jan 30 16:37:19 [undefined] info: Built src/index.ts/dist/index.mjs
Jan 30 16:37:20 [undefined] info: Built src/index.ts/dist/index.d.ts
Jan 30 16:47:59 [undefined] info: Built src/index.ts/dist/index.js
Jan 30 16:47:59 [undefined] info: Built src/index.ts/dist/index.mjs
Jan 30 16:47:59 [undefined] info: Built src/index.ts/dist/index.d.ts
Jan 30 16:52:06 [undefined] info: Built src/index.ts/dist/index.js
Jan 30 16:52:06 [undefined] info: Built src/index.ts/dist/index.mjs
Jan 30 16:52:07 [undefined] info: Built src/index.ts/dist/index.d.ts
Jan 30 16:53:38 [undefined] info: Built src/index.ts/dist/index.js
Jan 30 16:53:38 [undefined] info: Built src/index.ts/dist/index.mjs
Jan 30 16:53:39 [undefined] info: Built src/index.ts/dist/index.d.ts
Jan 30 16:59:35 [undefined] info: Built src/index.ts/dist/index.js
Jan 30 16:59:35 [undefined] info: Built src/index.ts/dist/index.mjs
Jan 30 16:59:36 [undefined] info: Built src/index.ts/dist/index.d.ts
Jan 30 17:00:44 [undefined] info: Built src/index.ts/dist/index.js
Jan 30 17:00:44 [undefined] info: Built src/index.ts/dist/index.mjs
Jan 30 17:00:45 [undefined] info: Built src/index.ts/dist/index.d.ts
Jan 30 17:02:14 [undefined] info: Built src/index.ts/dist/index.js
Jan 30 17:02:14 [undefined] info: Built src/index.ts/dist/index.mjs
Jan 30 17:02:15 [undefined] info: Built src/index.ts/dist/index.d.ts
Jan 30 17:11:45 [undefined] info: Built src/index.ts/dist/index.js
Jan 30 17:11:45 [undefined] info: Built src/index.ts/dist/index.mjs
Jan 30 17:11:45 [undefined] info: Built src/index.ts/dist/index.d.ts
Jan 30 17:13:30 [undefined] info: Built src/index.ts/dist/index.js
Jan 30 17:13:30 [undefined] info: Built src/index.ts/dist/index.mjs
Jan 30 17:13:31 [undefined] info: Built src/index.ts/dist/index.d.ts
Jan 30 17:15:19 [undefined] info: Built src/index.ts/dist/index.js
Jan 30 17:15:19 [undefined] info: Built src/index.ts/dist/index.mjs
Jan 30 17:15:20 [undefined] info: Built src/index.ts/dist/index.d.ts
Jan 30 17:16:20 [undefined] info: Built src/index.ts/dist/index.js
Jan 30 17:16:20 [undefined] info: Built src/index.ts/dist/index.mjs
Jan 30 17:16:20 [undefined] info: Built src/index.ts/dist/index.d.ts
Jan 30 17:17:47 [undefined] info: Built src/index.ts/dist/index.js
Jan 30 17:17:47 [undefined] info: Built src/index.ts/dist/index.mjs
Jan 30 17:17:48 [undefined] info: Built src/index.ts/dist/index.d.ts
Jan 30 17:21:02 [undefined] info: Built src/index.ts/dist/index.js
Jan 30 17:21:02 [undefined] info: Built src/index.ts/dist/index.mjs
Jan 30 17:21:02 [undefined] info: Built src/index.ts/dist/index.d.ts
Jan 30 17:23:19 [undefined] info: Built src/index.ts/dist/index.js
Jan 30 17:23:19 [undefined] info: Built src/index.ts/dist/index.mjs
Jan 30 17:23:19 [undefined] info: Built src/index.ts/dist/index.d.ts
Jan 30 17:25:56 [undefined] info: Built src/index.ts/dist/index.js
Jan 30 17:25:56 [undefined] info: Built src/index.ts/dist/index.mjs
Jan 30 17:25:57 [undefined] info: Built src/index.ts/dist/index.d.ts
Jan 30 17:26:18 [undefined] info: Built src/index.ts/dist/index.js
Jan 30 17:26:18 [undefined] info: Built src/index.ts/dist/index.mjs
Jan 30 17:26:19 [undefined] info: Built src/index.ts/dist/index.d.ts
Jan 30 17:27:34 [undefined] info: Built src/index.ts/dist/index.js
Jan 30 17:27:34 [undefined] info: Built src/index.ts/dist/index.mjs
Jan 30 17:27:35 [undefined] info: Built src/index.ts/dist/index.d.ts
Jan 30 17:29:09 [undefined] info: Built src/index.ts/dist/index.js
Jan 30 17:29:09 [undefined] info: Built src/index.ts/dist/index.mjs
Jan 30 17:29:09 [undefined] info: Built src/index.ts/dist/index.d.ts
Jan 30 17:54:29 [undefined] info: Built src/index.ts/dist/index.js
Jan 30 17:54:29 [undefined] info: Built src/index.ts/dist/index.mjs
Jan 30 17:55:58 [undefined] info: Built src/index.ts/dist/index.js
Jan 30 17:55:58 [undefined] info: Built src/index.ts/dist/index.mjs
Jan 30 17:56:20 [undefined] info: Built src/index.ts/dist/index.js
Jan 30 17:56:20 [undefined] info: Built src/index.ts/dist/index.mjs
Jan 30 17:56:21 [undefined] info: Built src/index.ts/dist/index.d.ts
Jan 30 18:00:25 [undefined] info: Built src/index.ts/dist/index.js
Jan 30 18:00:25 [undefined] info: Built src/index.ts/dist/index.mjs
Jan 30 18:00:25 [undefined] info: Built src/index.ts/dist/index.d.ts
Jan 30 18:36:46 [undefined] info: Built src/index.ts/dist/index.js
Jan 30 18:36:46 [undefined] info: Built src/index.ts/dist/index.mjs
Jan 30 18:36:47 [undefined] info: Built src/index.ts/dist/index.d.ts
Jan 31 05:23:53 [undefined] info: Built src/index.ts/dist/index.js
Jan 31 05:23:53 [undefined] info: Built src/index.ts/dist/index.mjs
Jan 31 05:23:54 [undefined] info: Built src/index.ts/dist/index.d.ts
Jan 31 08:58:00 [undefined] info: Built src/index.ts/dist/index.js
Jan 31 08:58:00 [undefined] info: Built src/index.ts/dist/index.mjs
Jan 31 08:58:01 [undefined] info: Built src/index.ts/dist/index.d.ts
Jan 31 09:05:29 [undefined] info: Built src/index.ts/dist/index.js
Jan 31 09:05:29 [undefined] info: Built src/index.ts/dist/index.mjs
Jan 31 09:05:30 [undefined] info: Built src/index.ts/dist/index.d.ts
Jan 31 18:29:11 [undefined] info: Built src/index.ts/dist/index.js
Jan 31 18:29:11 [undefined] info: Built src/index.ts/dist/index.mjs
Jan 31 18:29:12 [undefined] info: Built src/index.ts/dist/index.d.ts
Jan 31 18:30:23 [undefined] info: Built src/index.ts/dist/index.js
Jan 31 18:30:23 [undefined] info: Built src/index.ts/dist/index.mjs
Jan 31 18:30:24 [undefined] info: Built src/index.ts/dist/index.d.ts
Jan 31 18:42:46 [undefined] info: Built src/index.ts/dist/index.js
Jan 31 18:42:46 [undefined] info: Built src/index.ts/dist/index.mjs
Jan 31 18:42:47 [undefined] info: Built src/index.ts/dist/index.d.ts
Jan 31 21:36:58 [undefined] info: Built src/index.ts/dist/index.js
Jan 31 21:36:58 [undefined] info: Built src/index.ts/dist/index.mjs
Jan 31 21:36:58 [undefined] info: Built src/index.ts/dist/index.d.ts
Feb 01 22:10:19 [undefined] info: Built src/index.ts/dist/index.js
Feb 01 22:10:19 [undefined] info: Built src/index.ts/dist/index.mjs
Feb 01 22:10:20 [undefined] info: Built src/index.ts/dist/index.d.ts
Feb 02 11:27:30 [undefined] info: Built src/index.ts/dist/index.js
Feb 02 11:27:30 [undefined] info: Built src/index.ts/dist/index.mjs
Feb 02 11:27:31 [undefined] info: Built src/index.ts/dist/index.d.ts
Feb 03 22:22:16 [undefined] info: Built src/index.ts/dist/index.js
Feb 03 22:22:16 [undefined] info: Built src/index.ts/dist/index.mjs
Feb 03 22:22:17 [undefined] info: Built src/index.ts/dist/index.d.ts
Feb 03 22:28:02 [undefined] info: Built src/index.ts/dist/index.js
Feb 03 22:28:02 [undefined] info: Built src/index.ts/dist/index.mjs
Feb 03 22:28:03 [undefined] info: Built src/index.ts/dist/index.d.ts
Feb 08 17:21:15 [undefined] info: Built src/index.ts/dist/index.js
Feb 08 17:21:15 [undefined] info: Built src/index.ts/dist/index.mjs
Feb 08 17:21:16 [undefined] info: Built src/index.ts/dist/index.d.ts
Feb 10 09:33:22 [undefined] info: Built src/index.ts/dist/index.js
Feb 10 09:33:22 [undefined] info: Built src/index.ts/dist/index.mjs
Feb 10 09:33:22 [undefined] info: Built src/index.ts/dist/index.d.ts
Feb 10 09:34:12 [undefined] info: Built src/index.ts/dist/index.js
Feb 10 09:34:12 [undefined] info: Built src/index.ts/dist/index.mjs
Feb 10 09:34:13 [undefined] info: Built src/index.ts/dist/index.d.ts
Feb 10 09:41:38 [undefined] info: Built src/index.ts/dist/index.js
Feb 10 09:41:38 [undefined] info: Built src/index.ts/dist/index.mjs
Feb 10 09:41:39 [undefined] info: Built src/index.ts/dist/index.d.ts
Feb 10 10:14:18 [undefined] info: Built src/index.ts/dist/index.js
Feb 10 10:14:18 [undefined] info: Built src/index.ts/dist/index.mjs
Feb 10 10:14:19 [undefined] info: Built src/index.ts/dist/index.d.ts
Feb 10 13:02:07 [undefined] info: Built src/index.ts/dist/index.js
Feb 10 13:02:07 [undefined] info: Built src/index.ts/dist/index.mjs
Feb 10 13:02:08 [undefined] info: Built src/index.ts/dist/index.d.ts
Feb 10 13:11:19 [undefined] info: Built src/index.ts/dist/index.js
Feb 10 13:11:19 [undefined] info: Built src/index.ts/dist/index.mjs
Feb 10 13:11:20 [undefined] info: Built src/index.ts/dist/index.d.ts
Feb 10 13:17:37 [undefined] info: Built src/index.ts/dist/index.js
Feb 10 13:17:37 [undefined] info: Built src/index.ts/dist/index.mjs
Feb 10 13:17:38 [undefined] info: Built src/index.ts/dist/index.d.ts
Feb 10 13:19:59 [undefined] info: Built src/index.ts/dist/index.js
Feb 10 13:19:59 [undefined] info: Built src/index.ts/dist/index.mjs
Feb 10 13:20:00 [undefined] info: Built src/index.ts/dist/index.d.ts
Feb 10 13:23:49 [undefined] info: Built src/index.ts/dist/index.js
Feb 10 13:23:49 [undefined] info: Built src/index.ts/dist/index.mjs
Feb 10 13:23:50 [undefined] info: Built src/index.ts/dist/index.d.ts
Feb 10 13:44:08 [undefined] info: Built src/index.ts/dist/index.js
Feb 10 13:44:08 [undefined] info: Built src/index.ts/dist/index.mjs
Feb 10 13:44:09 [undefined] info: Built src/index.ts/dist/index.d.ts
Feb 10 13:49:40 [undefined] info: Built src/index.ts/dist/index.js
Feb 10 13:49:40 [undefined] info: Built src/index.ts/dist/index.mjs
Feb 10 13:49:41 [undefined] info: Built src/index.ts/dist/index.d.ts
Feb 10 13:58:25 [undefined] info: Built src/index.ts/dist/index.js
Feb 10 13:58:25 [undefined] info: Built src/index.ts/dist/index.mjs
Feb 10 13:58:26 [undefined] info: Built src/index.ts/dist/index.d.ts
Feb 10 13:59:02 [undefined] info: Built src/index.ts/dist/index.js
Feb 10 13:59:02 [undefined] info: Built src/index.ts/dist/index.mjs
Feb 10 13:59:03 [undefined] info: Built src/index.ts/dist/index.d.ts
Feb 10 14:25:18 [undefined] info: Built src/index.ts/dist/index.js
Feb 10 14:25:18 [undefined] info: Built src/index.ts/dist/index.mjs
Feb 10 14:28:50 [undefined] info: Built src/index.ts/dist/index.js
Feb 10 14:28:50 [undefined] info: Built src/index.ts/dist/index.mjs
Feb 10 14:28:51 [undefined] info: Built src/index.ts/dist/index.d.ts
Feb 10 14:29:41 [undefined] info: Built src/index.ts/dist/index.js
Feb 10 14:29:41 [undefined] info: Built src/index.ts/dist/index.mjs
Feb 10 14:29:42 [undefined] info: Built src/index.ts/dist/index.d.ts
Feb 10 16:29:07 info: [builder] Built src/index.ts/dist/index.js
Feb 10 16:29:07 info: [builder] Built src/index.ts/dist/index.mjs
Feb 10 16:29:08 info: [builder] Built src/index.ts/dist/index.d.ts
Feb 10 18:50:17 info: [builder] Built src/index.ts/dist/index.js
Feb 10 18:50:17 info: [builder] Built src/index.ts/dist/index.mjs
Feb 10 18:50:18 info: [builder] Built src/index.ts/dist/index.d.ts
Feb 10 19:27:17 info: [builder] Built src/index.ts/dist/index.js
Feb 10 19:27:17 info: [builder] Built src/index.ts/dist/index.mjs
Feb 10 19:27:18 info: [builder] Built src/index.ts/dist/index.d.ts
Feb 10 19:30:31 info: [builder] Built src/index.ts/dist/index.js
Feb 10 19:30:31 info: [builder] Built src/index.ts/dist/index.mjs
Feb 10 19:30:32 info: [builder] Built src/index.ts/dist/index.d.ts
Feb 10 19:31:10 info: [builder] Built src/index.ts/dist/index.js
Feb 10 19:31:10 info: [builder] Built src/index.ts/dist/index.mjs
Feb 10 19:31:11 info: [builder] Built src/index.ts/dist/index.d.ts
Feb 10 19:31:40 info: [builder] Built src/index.ts/dist/index.js
Feb 10 19:31:40 info: [builder] Built src/index.ts/dist/index.mjs
Feb 10 19:31:41 info: [builder] Built src/index.ts/dist/index.d.ts
Feb 10 19:32:50 info: [builder] Built src/index.ts/dist/index.js
Feb 10 19:32:50 info: [builder] Built src/index.ts/dist/index.mjs
Feb 10 19:32:51 info: [builder] Built src/index.ts/dist/index.d.ts
Feb 10 19:34:49 info: [builder] Built src/index.ts/dist/index.js
Feb 10 19:34:49 info: [builder] Built src/index.ts/dist/index.mjs
Feb 10 19:34:50 info: [builder] Built src/index.ts/dist/index.d.ts
Feb 10 20:20:03 info: [builder] Built src/index.ts/dist/index.js
Feb 10 20:20:03 info: [builder] Built src/index.ts/dist/index.mjs
Feb 10 20:20:04 info: [builder] Built src/index.ts/dist/index.d.ts
Feb 10 20:20:28 info: [builder] Built src/index.ts/dist/index.js
Feb 10 20:20:28 info: [builder] Built src/index.ts/dist/index.mjs
Feb 10 20:20:29 info: [builder] Built src/index.ts/dist/index.d.ts
Feb 10 20:22:07 info: [builder] Built src/index.ts/dist/index.js
Feb 10 20:22:07 info: [builder] Built src/index.ts/dist/index.mjs
Feb 10 20:22:08 info: [builder] Built src/index.ts/dist/index.d.ts
Feb 10 20:22:42 info: [builder] Built src/index.ts/dist/index.js
Feb 10 20:22:42 info: [builder] Built src/index.ts/dist/index.mjs
Feb 10 20:22:43 info: [builder] Built src/index.ts/dist/index.d.ts
Feb 10 20:23:36 info: [builder] Built src/index.ts/dist/index.js
Feb 10 20:23:36 info: [builder] Built src/index.ts/dist/index.mjs
Feb 10 20:23:37 info: [builder] Built src/index.ts/dist/index.d.ts
Feb 10 20:24:42 info: [builder] Built src/index.ts/dist/index.js
Feb 10 20:24:42 info: [builder] Built src/index.ts/dist/index.mjs
Feb 10 20:24:43 info: [builder] Built src/index.ts/dist/index.d.ts
Feb 10 20:25:30 info: [builder] Built src/index.ts/dist/index.js
Feb 10 20:25:30 info: [builder] Built src/index.ts/dist/index.mjs
Feb 10 20:25:31 info: [builder] Built src/index.ts/dist/index.d.ts
Feb 10 20:26:01 info: [builder] Built src/index.ts/dist/index.js
Feb 10 20:26:01 info: [builder] Built src/index.ts/dist/index.mjs
Feb 10 20:26:02 info: [builder] Built src/index.ts/dist/index.d.ts
Feb 10 20:31:33 info: [builder] Built src/index.ts/dist/index.js
Feb 10 20:31:33 info: [builder] Built src/index.ts/dist/index.mjs
Feb 10 20:31:34 info: [builder] Built src/index.ts/dist/index.d.ts
Feb 10 20:33:52 info: [builder] Built src/index.ts/dist/index.js
Feb 10 20:33:52 info: [builder] Built src/index.ts/dist/index.mjs
Feb 10 20:33:53 info: [builder] Built src/index.ts/dist/index.d.ts
Feb 10 20:34:25 info: [builder] Built src/index.ts/dist/index.js
Feb 10 20:34:25 info: [builder] Built src/index.ts/dist/index.mjs
Feb 10 20:34:26 info: [builder] Built src/index.ts/dist/index.d.ts
Feb 10 20:34:39 info: [builder] Built src/index.ts/dist/index.js
Feb 10 20:34:39 info: [builder] Built src/index.ts/dist/index.mjs
Feb 10 20:34:40 info: [builder] Built src/index.ts/dist/index.d.ts
Feb 10 20:38:15 info: [builder] Built src/index.ts/dist/index.js
Feb 10 20:38:15 info: [builder] Built src/index.ts/dist/index.mjs
Feb 10 20:38:16 info: [builder] Built src/index.ts/dist/index.d.ts
Feb 10 20:42:28 info: [builder] Built src/index.ts/dist/index.js
Feb 10 20:42:28 info: [builder] Built src/index.ts/dist/index.mjs
Feb 10 20:42:29 info: [builder] Built src/index.ts/dist/index.d.ts
Feb 10 20:44:54 info: [builder] Built src/index.ts/dist/index.js
Feb 10 20:44:54 info: [builder] Built src/index.ts/dist/index.mjs
Feb 10 20:44:55 info: [builder] Built src/index.ts/dist/index.d.ts
Feb 10 21:01:18 info: [builder] Built src/index.ts/dist/index.js
Feb 10 21:01:18 info: [builder] Built src/index.ts/dist/index.mjs
Feb 10 21:01:18 info: [builder] Built src/index.ts/dist/index.d.ts
Feb 10 21:06:56 info: [builder] Built src/index.ts/dist/index.js
Feb 10 21:06:56 info: [builder] Built src/index.ts/dist/index.mjs
Feb 10 21:06:57 info: [builder] Built src/index.ts/dist/index.d.ts
Feb 11 05:48:54 info: [builder] Built src/index.ts/dist/index.js
Feb 11 05:48:54 info: [builder] Built src/index.ts/dist/index.mjs
Feb 11 05:48:55 info: [builder] Built src/index.ts/dist/index.d.ts
Feb 11 08:35:23 info: [builder] Built src/index.ts/dist/index.js
Feb 11 08:35:23 info: [builder] Built src/index.ts/dist/index.mjs
Feb 11 08:35:24 info: [builder] Built src/index.ts/dist/index.d.ts
Feb 11 08:45:02 info: [builder] Built src/index.ts/dist/index.js
Feb 11 08:45:02 info: [builder] Built src/index.ts/dist/index.mjs
Feb 11 08:45:03 info: [builder] Built src/index.ts/dist/index.d.ts
Feb 11 09:19:59 info: [builder] Built src/index.ts/dist/index.js
Feb 11 09:19:59 info: [builder] Built src/index.ts/dist/index.mjs
Feb 11 09:20:00 info: [builder] Built src/index.ts/dist/index.d.ts
Feb 11 09:20:30 info: [builder] Built src/index.ts/dist/index.js
Feb 11 09:20:30 info: [builder] Built src/index.ts/dist/index.mjs
Feb 11 09:20:31 info: [builder] Built src/index.ts/dist/index.d.ts
Feb 11 09:22:24 info: [builder] Built src/index.ts/dist/index.js
Feb 11 09:22:24 info: [builder] Built src/index.ts/dist/index.mjs
Feb 11 09:22:24 info: [builder] Built src/index.ts/dist/index.d.ts
Feb 11 09:23:35 info: [builder] Built src/index.ts/dist/index.js
Feb 11 09:23:35 info: [builder] Built src/index.ts/dist/index.mjs
Feb 11 09:23:36 info: [builder] Built src/index.ts/dist/index.d.ts
Feb 11 09:33:10 info: [builder] Built src/index.ts/dist/index.js
Feb 11 09:33:10 info: [builder] Built src/index.ts/dist/index.mjs
Feb 11 09:33:59 info: [builder] Built src/index.ts/dist/index.js
Feb 11 09:33:59 info: [builder] Built src/index.ts/dist/index.mjs
Feb 11 09:34:00 info: [builder] Built src/index.ts/dist/index.d.ts
Feb 11 09:34:54 info: [builder] Built src/index.ts/dist/index.js
Feb 11 09:34:54 info: [builder] Built src/index.ts/dist/index.mjs
Feb 11 09:34:55 info: [builder] Built src/index.ts/dist/index.d.ts
Feb 11 09:35:26 info: [builder] Built src/index.ts/dist/index.js
Feb 11 09:35:26 info: [builder] Built src/index.ts/dist/index.mjs
Feb 11 09:35:27 info: [builder] Built src/index.ts/dist/index.d.ts
Feb 11 09:38:50 info: [builder] Built src/index.ts/dist/index.js
Feb 11 09:38:50 info: [builder] Built src/index.ts/dist/index.mjs
Feb 11 09:38:51 info: [builder] Built src/index.ts/dist/index.d.ts
Feb 11 09:39:29 info: [builder] Built src/index.ts/dist/index.js
Feb 11 09:39:29 info: [builder] Built src/index.ts/dist/index.mjs
Feb 11 09:39:29 info: [builder] Built src/index.ts/dist/index.d.ts
Feb 11 09:40:09 info: [builder] Built src/index.ts/dist/index.js
Feb 11 09:40:09 info: [builder] Built src/index.ts/dist/index.mjs
Feb 11 09:40:10 info: [builder] Built src/index.ts/dist/index.d.ts
Feb 11 09:40:22 info: [builder] Built src/index.ts/dist/index.js
Feb 11 09:40:22 info: [builder] Built src/index.ts/dist/index.mjs
Feb 11 09:40:23 info: [builder] Built src/index.ts/dist/index.d.ts
Feb 11 09:41:10 info: [builder] Built src/index.ts/dist/index.js
Feb 11 09:41:10 info: [builder] Built src/index.ts/dist/index.mjs
Feb 11 09:41:11 info: [builder] Built src/index.ts/dist/index.d.ts
Feb 11 09:43:43 info: [builder] Built src/index.ts/dist/index.js
Feb 11 09:43:43 info: [builder] Built src/index.ts/dist/index.mjs
Feb 11 09:43:45 info: [builder] Built src/index.ts/dist/index.d.ts
Feb 11 09:44:39 info: [builder] Built src/index.ts/dist/index.js
Feb 11 09:44:39 info: [builder] Built src/index.ts/dist/index.mjs
Feb 11 09:44:39 info: [builder] Built src/index.ts/dist/index.d.ts
Feb 11 09:45:23 info: [builder] Built src/index.ts/dist/index.js
Feb 11 09:45:23 info: [builder] Built src/index.ts/dist/index.mjs
Feb 11 09:45:23 info: [builder] Built src/index.ts/dist/index.d.ts
Feb 11 09:47:39 info: [builder] Built src/index.ts/dist/index.js
Feb 11 09:47:39 info: [builder] Built src/index.ts/dist/index.mjs
Feb 11 09:47:40 info: [builder] Built src/index.ts/dist/index.d.ts
Feb 11 09:49:00 info: [builder] Built src/index.ts/dist/index.js
Feb 11 09:49:00 info: [builder] Built src/index.ts/dist/index.mjs
Feb 11 09:49:01 info: [builder] Built src/index.ts/dist/index.d.ts
Feb 11 09:50:31 info: [builder] Built src/index.ts/dist/index.js
Feb 11 09:50:31 info: [builder] Built src/index.ts/dist/index.mjs
Feb 11 09:50:31 info: [builder] Built src/index.ts/dist/index.d.ts
Feb 11 09:51:46 info: [builder] Built src/index.ts/dist/index.js
Feb 11 09:51:46 info: [builder] Built src/index.ts/dist/index.mjs
Feb 11 09:52:26 info: [builder] Built src/index.ts/dist/index.js
Feb 11 09:52:26 info: [builder] Built src/index.ts/dist/index.mjs
Feb 11 09:52:28 info: [builder] Built src/index.ts/dist/index.d.ts
Feb 11 09:52:55 info: [builder] Built src/index.ts/dist/index.js
Feb 11 09:52:55 info: [builder] Built src/index.ts/dist/index.mjs
Feb 11 09:52:56 info: [builder] Built src/index.ts/dist/index.d.ts
Feb 11 10:15:16 info: [builder] Built src/index.ts/dist/index.js
Feb 11 10:15:16 info: [builder] Built src/index.ts/dist/index.mjs
Feb 11 10:15:18 info: [builder] Built src/index.ts/dist/index.d.ts
Feb 11 10:17:44 info: [builder] Built src/index.ts/dist/index.js
Feb 11 10:17:44 info: [builder] Built src/index.ts/dist/index.mjs
Feb 11 10:17:45 info: [builder] Built src/index.ts/dist/index.d.ts
Feb 11 10:18:42 info: [builder] Built src/index.ts/dist/index.js
Feb 11 10:18:42 info: [builder] Built src/index.ts/dist/index.mjs
Feb 11 10:18:43 info: [builder] Built src/index.ts/dist/index.d.ts
Feb 11 10:33:46 info: [builder] Built src/index.ts/dist/index.js
Feb 11 10:33:46 info: [builder] Built src/index.ts/dist/index.mjs
Feb 11 10:33:47 info: [builder] Built src/index.ts/dist/index.d.ts
Feb 11 10:35:24 info: [builder] Built src/index.ts/dist/index.js
Feb 11 10:35:24 info: [builder] Built src/index.ts/dist/index.mjs
Feb 11 10:35:25 info: [builder] Built src/index.ts/dist/index.d.ts
Feb 11 11:08:14 info: [builder] Built src/index.ts/dist/index.js
Feb 11 11:08:14 info: [builder] Built src/index.ts/dist/index.mjs
Feb 11 11:08:14 info: [builder] Built src/index.ts/dist/index.d.ts
Feb 11 11:19:42 info: [builder] Built src/index.ts/dist/index.js
Feb 11 11:19:42 info: [builder] Built src/index.ts/dist/index.mjs
Feb 11 11:19:43 info: [builder] Built src/index.ts/dist/index.d.ts
Feb 11 11:20:34 info: [builder] Built src/index.ts/dist/index.js
Feb 11 11:20:34 info: [builder] Built src/index.ts/dist/index.mjs
Feb 11 11:20:35 info: [builder] Built src/index.ts/dist/index.d.ts
Feb 11 11:20:52 info: [builder] Built src/index.ts/dist/index.js
Feb 11 11:20:52 info: [builder] Built src/index.ts/dist/index.mjs
Feb 11 11:20:53 info: [builder] Built src/index.ts/dist/index.d.ts
Feb 11 11:22:25 info: [builder] Built src/index.ts/dist/index.js
Feb 11 11:22:25 info: [builder] Built src/index.ts/dist/index.mjs
Feb 11 11:22:26 info: [builder] Built src/index.ts/dist/index.d.ts
Feb 11 11:31:24 info: [builder] Built src/index.ts/dist/index.js
Feb 11 11:31:24 info: [builder] Built src/index.ts/dist/index.mjs
Feb 11 11:31:25 info: [builder] Built src/index.ts/dist/index.d.ts
Feb 11 13:56:50 info: [builder] Built src/index.ts/dist/index.js
Feb 11 13:56:50 info: [builder] Built src/index.ts/dist/index.mjs
Feb 11 13:56:51 info: [builder] Built src/index.ts/dist/index.d.ts
Feb 11 17:00:21 info: [builder] Built src/index.ts/dist/index.js
Feb 11 17:00:21 info: [builder] Built src/index.ts/dist/index.mjs
Feb 11 17:00:22 info: [builder] Built src/index.ts/dist/index.d.ts
Feb 12 06:45:51 info: [builder] Built src/index.ts/dist/index.js
Feb 12 06:45:51 info: [builder] Built src/index.ts/dist/index.mjs
Feb 12 06:45:52 info: [builder] Built src/index.ts/dist/index.d.ts
Feb 12 06:50:28 info: [builder] Built src/index.ts/dist/index.js
Feb 12 06:50:28 info: [builder] Built src/index.ts/dist/index.mjs
Feb 12 06:50:28 info: [builder] Built src/index.ts/dist/index.d.ts
Feb 13 07:39:39 info: [builder] Built src/index.ts/dist/index.js
Feb 13 07:39:39 info: [builder] Built src/index.ts/dist/index.mjs
Feb 13 07:39:39 info: [builder] Built src/index.ts/dist/index.d.ts
Feb 13 07:47:11 info: [builder] Built src/index.ts/dist/index.js
Feb 13 07:47:11 info: [builder] Built src/index.ts/dist/index.mjs
Feb 13 07:47:11 info: [builder] Built src/index.ts/dist/index.d.ts
Feb 13 08:21:11 info: [builder] Built src/index.ts/dist/index.js
Feb 13 08:21:11 info: [builder] Built src/index.ts/dist/index.mjs
Feb 13 08:21:12 info: [builder] Built src/index.ts/dist/index.d.ts
Feb 13 08:29:04 info: [builder] Built src/index.ts/dist/index.js
Feb 13 08:29:04 info: [builder] Built src/index.ts/dist/index.mjs
Feb 13 08:29:04 info: [builder] Built src/index.ts/dist/index.d.ts
Feb 13 09:39:58 info: [builder] Built src/index.ts/dist/index.js
Feb 13 09:39:58 info: [builder] Built src/index.ts/dist/index.mjs
Feb 13 09:39:59 info: [builder] Built src/index.ts/dist/index.d.ts
Feb 13 16:55:59 info: [builder] Built src/index.ts/dist/index.js
Feb 13 16:55:59 info: [builder] Built src/index.ts/dist/index.mjs
Feb 13 16:56:00 info: [builder] Built src/index.ts/dist/index.d.ts
Feb 14 10:52:53 info: [builder] Built src/index.ts/dist/index.js
Feb 14 10:52:53 info: [builder] Built src/index.ts/dist/index.mjs
Feb 14 10:52:54 info: [builder] Built src/index.ts/dist/index.d.ts
Feb 14 20:08:45 info: [builder] Built src/index.ts/dist/index.js
Feb 14 20:08:45 info: [builder] Built src/index.ts/dist/index.mjs
Feb 14 20:08:45 info: [builder] Built src/index.ts/dist/index.d.ts
Feb 14 21:13:31 info: [builder] Built src/index.ts/dist/index.js
Feb 14 21:13:31 info: [builder] Built src/index.ts/dist/index.mjs
Feb 14 21:13:32 info: [builder] Built src/index.ts/dist/index.d.ts
Feb 14 21:14:49 info: [builder] Built src/index.ts/dist/index.js
Feb 14 21:14:49 info: [builder] Built src/index.ts/dist/index.mjs
Feb 14 21:14:50 info: [builder] Built src/index.ts/dist/index.d.ts
Feb 14 21:47:08 info: [builder] Built src/index.ts/dist/index.js
Feb 14 21:47:08 info: [builder] Built src/index.ts/dist/index.mjs
Feb 14 21:47:09 info: [builder] Built src/index.ts/dist/index.d.ts
Feb 15 11:40:37 info: [builder] Built src/index.ts/dist/index.js
Feb 15 11:40:37 info: [builder] Built src/index.ts/dist/index.mjs
Feb 15 11:40:38 info: [builder] Built src/index.ts/dist/index.d.ts
Feb 15 11:42:08 info: [builder] Built src/index.ts/dist/index.js
Feb 15 11:42:08 info: [builder] Built src/index.ts/dist/index.mjs
Feb 15 11:42:08 info: [builder] Built src/index.ts/dist/index.d.ts
Feb 15 18:07:58 info: [builder] Built src/index.ts/dist/index.js
Feb 15 18:07:58 info: [builder] Built src/index.ts/dist/index.mjs
Feb 15 18:07:59 info: [builder] Built src/index.ts/dist/index.d.ts
Feb 15 18:11:58 info: [builder] Built src/index.ts/dist/index.js
Feb 15 18:11:58 info: [builder] Built src/index.ts/dist/index.mjs
Feb 15 18:11:59 info: [builder] Built src/index.ts/dist/index.d.ts
Feb 15 18:14:34 info: [builder] Built src/index.ts/dist/index.js
Feb 15 18:14:34 info: [builder] Built src/index.ts/dist/index.mjs
Feb 15 18:14:35 info: [builder] Built src/index.ts/dist/index.d.ts
Feb 15 18:15:48 info: [builder] Built src/index.ts/dist/index.js
Feb 15 18:15:49 info: [builder] Built src/index.ts/dist/index.mjs
Feb 15 18:15:49 info: [builder] Built src/index.ts/dist/index.d.ts
Feb 15 18:17:28 info: [builder] Built src/index.ts/dist/index.js
Feb 15 18:17:28 info: [builder] Built src/index.ts/dist/index.mjs
Feb 15 18:17:29 info: [builder] Built src/index.ts/dist/index.d.ts
Feb 15 18:20:36 info: [builder] Built src/index.ts/dist/index.js
Feb 15 18:20:36 info: [builder] Built src/index.ts/dist/index.mjs
Feb 15 18:20:37 info: [builder] Built src/index.ts/dist/index.d.ts
Feb 15 18:25:32 info: [builder] Built src/index.ts/dist/index.js
Feb 15 18:25:32 info: [builder] Built src/index.ts/dist/index.mjs
Feb 15 18:25:33 info: [builder] Built src/index.ts/dist/index.d.ts
Feb 15 18:28:05 info: [builder] Built src/index.ts/dist/index.js
Feb 15 18:28:05 info: [builder] Built src/index.ts/dist/index.mjs
Feb 15 18:28:06 info: [builder] Built src/index.ts/dist/index.d.ts
Feb 15 18:41:37 info: [builder] Built src/index.ts/dist/index.js
Feb 15 18:41:37 info: [builder] Built src/index.ts/dist/index.mjs
Feb 15 18:41:38 info: [builder] Built src/index.ts/dist/index.d.ts
Feb 15 18:44:19 info: [builder] Built src/index.ts/dist/index.js
Feb 15 18:44:19 info: [builder] Built src/index.ts/dist/index.mjs
Feb 15 18:44:20 info: [builder] Built src/index.ts/dist/index.d.ts
Feb 16 10:31:18 info: [builder] Built src/index.ts/dist/index.js
Feb 16 10:31:18 info: [builder] Built src/index.ts/dist/index.mjs
Feb 16 10:31:19 info: [builder] Built src/index.ts/dist/index.d.ts
Feb 16 10:33:50 info: [builder] Built src/index.ts/dist/index.js
Feb 16 10:33:50 info: [builder] Built src/index.ts/dist/index.mjs
Feb 16 10:33:51 info: [builder] Built src/index.ts/dist/index.d.ts
Feb 16 10:42:59 info: [builder] Built src/index.ts/dist/index.js
Feb 16 10:42:59 info: [builder] Built src/index.ts/dist/index.mjs
Feb 16 10:43:01 info: [builder] Built src/index.ts/dist/index.d.ts
Feb 17 12:17:30 info: [builder] Built src/index.ts/dist/index.js
Feb 17 12:17:30 info: [builder] Built src/index.ts/dist/index.mjs
Feb 17 12:17:31 info: [builder] Built src/index.ts/dist/index.d.ts
Feb 17 18:13:05 info: [builder] Built src/index.ts/dist/index.js
Feb 17 18:13:05 info: [builder] Built src/index.ts/dist/index.mjs
Feb 17 18:13:06 info: [builder] Built src/index.ts/dist/index.d.ts
Feb 18 08:54:48 info: [builder] Built src/index.ts/dist/index.js
Feb 18 08:54:48 info: [builder] Built src/index.ts/dist/index.mjs
Feb 18 08:54:49 info: [builder] Built src/index.ts/dist/index.d.ts
Feb 18 09:00:37 info: [builder] Built src/index.ts/dist/index.js
Feb 18 09:00:37 info: [builder] Built src/index.ts/dist/index.mjs
Feb 18 09:00:38 info: [builder] Built src/index.ts/dist/index.d.ts
Feb 18 09:04:52 info: [builder] Built src/index.ts/dist/index.js
Feb 18 09:04:52 info: [builder] Built src/index.ts/dist/index.mjs
Feb 18 09:04:53 info: [builder] Built src/index.ts/dist/index.d.ts
Feb 18 14:56:29 info: [builder] Built src/index.ts/dist/index.js
Feb 18 14:56:29 info: [builder] Built src/index.ts/dist/index.mjs
Feb 18 14:56:30 info: [builder] Built src/index.ts/dist/index.d.ts
Feb 18 14:57:27 info: [builder] Built src/index.ts/dist/index.js
Feb 18 14:57:27 info: [builder] Built src/index.ts/dist/index.mjs
Feb 18 14:57:28 info: [builder] Built src/index.ts/dist/index.d.ts
Feb 19 19:48:59 info: [builder] Built src/index.ts/dist/index.js
Feb 19 19:48:59 info: [builder] Built src/index.ts/dist/index.mjs
Feb 19 19:49:00 info: [builder] Built src/index.ts/dist/index.d.ts
Feb 20 07:59:53 info: [builder] Built src/index.ts/dist/index.js
Feb 20 07:59:53 info: [builder] Built src/index.ts/dist/index.mjs
Feb 20 07:59:54 info: [builder] Built src/index.ts/dist/index.d.ts
Feb 20 08:33:51 info: [builder] Built src/index.ts/dist/index.js
Feb 20 08:33:51 info: [builder] Built src/index.ts/dist/index.mjs
Feb 20 08:33:52 info: [builder] Built src/index.ts/dist/index.d.ts
Feb 20 19:48:13 info: [builder] Built src/index.ts/dist/index.js
Feb 20 19:48:13 info: [builder] Built src/index.ts/dist/index.mjs
Feb 20 19:48:14 info: [builder] Built src/index.ts/dist/index.d.ts
Feb 21 08:13:03 info: [builder] Built src/index.ts/dist/index.js
Feb 21 08:13:03 info: [builder] Built src/index.ts/dist/index.mjs
Feb 21 08:13:04 info: [builder] Built src/index.ts/dist/index.d.ts
Feb 21 17:53:45 info: [builder] Built src/index.ts/dist/index.js
Feb 21 17:53:45 info: [builder] Built src/index.ts/dist/index.mjs
Feb 21 17:53:46 info: [builder] Built src/index.ts/dist/index.d.ts
Feb 21 17:56:20 info: [builder] Built src/index.ts/dist/index.js
Feb 21 17:56:20 info: [builder] Built src/index.ts/dist/index.mjs
Feb 21 17:56:20 info: [builder] Built src/index.ts/dist/index.d.ts
Feb 22 16:09:46 info: [builder] Built src/index.ts/dist/index.js
Feb 22 16:09:46 info: [builder] Built src/index.ts/dist/index.mjs
Feb 22 16:09:47 info: [builder] Built src/index.ts/dist/index.d.ts
Feb 22 16:12:14 info: [builder] Built src/index.ts/dist/index.js
Feb 22 16:12:14 info: [builder] Built src/index.ts/dist/index.mjs
Feb 22 16:12:16 info: [builder] Built src/index.ts/dist/index.d.ts
Feb 22 16:15:52 info: [builder] Built src/index.ts/dist/index.js
Feb 22 16:15:52 info: [builder] Built src/index.ts/dist/index.mjs
Feb 22 16:15:53 info: [builder] Built src/index.ts/dist/index.d.ts
Feb 22 16:16:20 info: [builder] Built src/index.ts/dist/index.js
Feb 22 16:16:20 info: [builder] Built src/index.ts/dist/index.mjs
Feb 22 16:16:21 info: [builder] Built src/index.ts/dist/index.d.ts
Feb 22 18:22:07 info: [builder] Built src/index.ts/dist/index.js
Feb 22 18:22:07 info: [builder] Built src/index.ts/dist/index.mjs
Feb 22 18:22:08 info: [builder] Built src/index.ts/dist/index.d.ts
Feb 24 05:10:15 info: [builder] Built src/index.ts/dist/index.js
Feb 24 05:10:15 info: [builder] Built src/index.ts/dist/index.mjs
Feb 24 05:10:16 info: [builder] Built src/index.ts/dist/index.d.ts
Feb 26 07:21:38 info: [builder] Built src/index.ts/dist/index.js
Feb 26 07:21:38 info: [builder] Built src/index.ts/dist/index.mjs
Feb 26 07:21:39 info: [builder] Built src/index.ts/dist/index.d.ts
Feb 27 07:26:00 info: [builder] Built src/index.ts/dist/index.js
Feb 27 07:26:00 info: [builder] Built src/index.ts/dist/index.mjs
Feb 27 07:26:01 info: [builder] Built src/index.ts/dist/index.d.ts
Mar 03 08:52:59 info: [builder] Built src/index.ts/dist/index.js
Mar 03 08:52:59 info: [builder] Built src/index.ts/dist/index.mjs
Mar 03 08:53:00 info: [builder] Built src/index.ts/dist/index.d.ts
Mar 03 09:47:33 info: [builder] Built src/index.ts/dist/index.js
Mar 03 09:47:33 info: [builder] Built src/index.ts/dist/index.mjs
Mar 03 09:47:34 info: [builder] Built src/index.ts/dist/index.d.ts
Mar 03 10:23:24 info: [builder] Built src/index.ts/dist/index.js
Mar 03 10:23:24 info: [builder] Built src/index.ts/dist/index.mjs
Mar 03 10:23:25 info: [builder] Built src/index.ts/dist/index.d.ts
Mar 03 10:25:12 info: [builder] Built src/index.ts/dist/index.js
Mar 03 10:25:13 info: [builder] Built src/index.ts/dist/index.mjs
Mar 03 10:26:37 info: [builder] Built src/index.ts/dist/index.js
Mar 03 10:26:37 info: [builder] Built src/index.ts/dist/index.mjs
Mar 03 10:26:38 info: [builder] Built src/index.ts/dist/index.d.ts
Mar 03 10:30:21 error: [rpc-test] Strict response validation is enabled
Mar 03 10:30:21 error: [rpc-test] Strict response validation is enabled
Mar 03 10:31:56 error: [rpc-test] Strict response validation is enabled
Mar 03 10:31:56 error: [rpc-test] Strict response validation is enabled
Mar 03 10:33:40 error: [rpc-test] Strict response validation is enabled
Mar 03 10:33:40 error: [rpc-test] Strict response validation is enabled
Mar 03 10:34:07 info: [builder] Built src/index.ts/dist/index.js
Mar 03 10:34:07 info: [builder] Built src/index.ts/dist/index.mjs
Mar 03 10:34:08 info: [builder] Built src/index.ts/dist/index.d.ts
Mar 03 10:43:14 info: [builder] Built src/index.ts/dist/index.js
Mar 03 10:43:14 info: [builder] Built src/index.ts/dist/index.mjs
Mar 03 10:43:15 info: [builder] Built src/index.ts/dist/index.d.ts
Mar 03 11:05:02 error: [rpc-test] Strict response validation is enabled
Mar 03 11:05:02 error: [rpc-test] Strict response validation is enabled
Mar 07 12:52:34 info: [builder] Built src/index.ts/dist/index.js
Mar 07 12:52:34 info: [builder] Built src/index.ts/dist/index.mjs
Mar 07 12:52:35 info: [builder] Built src/index.ts/dist/index.d.ts
Mar 07 12:55:40 info: [builder] Built src/index.ts/dist/index.js
Mar 07 12:55:40 info: [builder] Built src/index.ts/dist/index.mjs
Mar 07 12:55:41 info: [builder] Built src/index.ts/dist/index.d.ts
Mar 07 13:00:32 info: [builder] Built src/index.ts/dist/index.js
Mar 07 13:00:32 info: [builder] Built src/index.ts/dist/index.mjs
Mar 07 13:00:33 info: [builder] Built src/index.ts/dist/index.d.ts
Mar 07 13:04:13 info: [builder] Built src/index.ts/dist/index.js
Mar 07 13:04:13 info: [builder] Built src/index.ts/dist/index.mjs
Mar 07 13:04:13 info: [builder] Built src/index.ts/dist/index.d.ts
Mar 07 13:09:16 info: [builder] Built src/index.ts/dist/index.js
Mar 07 13:09:16 info: [builder] Built src/index.ts/dist/index.mjs
Mar 07 13:09:16 info: [builder] Built src/index.ts/dist/index.d.ts
Mar 07 14:41:12 info: [builder] Built src/index.ts/dist/index.js
Mar 07 14:41:12 info: [builder] Built src/index.ts/dist/index.mjs
Mar 07 14:41:13 info: [builder] Built src/index.ts/dist/index.d.ts
Mar 07 15:07:33 info: [builder] Built src/index.ts/dist/index.js
Mar 07 15:07:33 info: [builder] Built src/index.ts/dist/index.mjs
Mar 07 15:07:34 info: [builder] Built src/index.ts/dist/index.d.ts
Mar 07 16:11:45 info: [builder] Built src/index.ts/dist/index.js
Mar 07 16:11:45 info: [builder] Built src/index.ts/dist/index.mjs
Mar 07 16:11:45 info: [builder] Built src/index.ts/dist/index.d.ts
Mar 07 16:11:55 info: [builder] Built src/index.ts/dist/index.js
Mar 07 16:11:56 info: [builder] Built src/index.ts/dist/index.mjs
Mar 07 16:11:56 info: [builder] Built src/index.ts/dist/index.d.ts
Mar 07 17:14:49 info: [builder] Built src/index.ts/dist/index.js
Mar 07 17:14:49 info: [builder] Built src/index.ts/dist/index.mjs
Mar 07 17:14:50 info: [builder] Built src/index.ts/dist/index.d.ts
Mar 07 20:33:17 info: [builder] Built src/index.ts/dist/index.js
Mar 07 20:33:17 info: [builder] Built src/index.ts/dist/index.mjs
Mar 07 20:33:17 info: [builder] Built src/index.ts/dist/index.d.ts
Mar 08 18:17:28 info: [builder] Built src/index.ts/dist/index.js
Mar 08 18:17:28 info: [builder] Built src/index.ts/dist/index.mjs
Mar 08 18:17:29 info: [builder] Built src/index.ts/dist/index.d.ts
Mar 08 18:23:29 info: [builder] Built src/index.ts/dist/index.js
Mar 08 18:23:29 info: [builder] Built src/index.ts/dist/index.mjs
Mar 08 18:23:30 info: [builder] Built src/index.ts/dist/index.d.ts
Mar 08 18:26:20 info: [builder] Built src/index.ts/dist/index.js
Mar 08 18:26:20 info: [builder] Built src/index.ts/dist/index.mjs
Mar 08 18:26:21 info: [builder] Built src/index.ts/dist/index.d.ts
Mar 08 18:31:38 info: [builder] Built src/index.ts/dist/index.js
Mar 08 18:31:38 info: [builder] Built src/index.ts/dist/index.mjs
Mar 08 18:31:39 info: [builder] Built src/index.ts/dist/index.d.ts
Mar 08 18:35:10 info: [builder] Built src/index.ts/dist/index.js
Mar 08 18:35:10 info: [builder] Built src/index.ts/dist/index.mjs
Mar 08 18:35:11 info: [builder] Built src/index.ts/dist/index.d.ts
Mar 08 18:39:52 info: [builder] Built src/index.ts/dist/index.js
Mar 08 18:39:52 info: [builder] Built src/index.ts/dist/index.mjs
Mar 08 18:39:53 info: [builder] Built src/index.ts/dist/index.d.ts
Mar 08 18:48:32 info: [builder] Built src/index.ts/dist/index.js
Mar 08 18:48:32 info: [builder] Built src/index.ts/dist/index.mjs
Mar 08 18:48:33 info: [builder] Built src/index.ts/dist/index.d.ts
Mar 08 19:06:09 info: [builder] Built src/index.ts/dist/index.js
Mar 08 19:06:09 info: [builder] Built src/index.ts/dist/index.mjs
Mar 08 19:06:09 info: [builder] Built src/index.ts/dist/index.d.ts
Mar 08 19:36:10 info: [builder] Built src/index.ts/dist/index.js
Mar 08 19:36:10 info: [builder] Built src/index.ts/dist/index.mjs
Mar 08 19:36:11 info: [builder] Built src/index.ts/dist/index.d.ts
Mar 08 19:45:42 info: [builder] Built src/index.ts/dist/index.js
Mar 08 19:45:42 info: [builder] Built src/index.ts/dist/index.mjs
Mar 08 19:45:43 info: [builder] Built src/index.ts/dist/index.d.ts
Mar 11 15:09:48 info: [builder] Built src/index.ts/dist/index.js
Mar 11 15:09:48 info: [builder] Built src/index.ts/dist/index.mjs
Mar 11 15:09:49 info: [builder] Built src/index.ts/dist/index.d.ts
Mar 11 15:15:44 info: [builder] Built src/index.ts/dist/index.js
Mar 11 15:15:44 info: [builder] Built src/index.ts/dist/index.mjs
Mar 11 15:15:45 info: [builder] Built src/index.ts/dist/index.d.ts
Mar 11 15:18:53 info: [builder] Built src/index.ts/dist/index.js
Mar 11 15:18:53 info: [builder] Built src/index.ts/dist/index.mjs
Mar 11 15:18:54 info: [builder] Built src/index.ts/dist/index.d.ts
Mar 11 15:22:00 info: [builder] Built src/index.ts/dist/index.js
Mar 11 15:22:00 info: [builder] Built src/index.ts/dist/index.mjs
Mar 11 15:22:01 info: [builder] Built src/index.ts/dist/index.d.ts
Mar 11 15:24:04 info: [builder] Built src/index.ts/dist/index.js
Mar 11 15:24:04 info: [builder] Built src/index.ts/dist/index.mjs
Mar 11 15:24:04 info: [builder] Built src/index.ts/dist/index.d.ts
Mar 11 15:24:17 info: [builder] Built src/index.ts/dist/index.js
Mar 11 15:24:17 info: [builder] Built src/index.ts/dist/index.mjs
Mar 11 15:24:18 info: [builder] Built src/index.ts/dist/index.d.ts
Mar 11 16:10:08 info: [builder] Built src/index.ts/dist/index.js
Mar 11 16:10:08 info: [builder] Built src/index.ts/dist/index.mjs
Mar 11 16:10:09 info: [builder] Built src/index.ts/dist/index.d.ts
Mar 11 16:55:55 info: [builder] Built src/index.ts/dist/index.js
Mar 11 16:55:55 info: [builder] Built src/index.ts/dist/index.mjs
Mar 11 16:55:56 info: [builder] Built src/index.ts/dist/index.d.ts
Mar 13 03:45:24 info: [builder] Built src/index.ts/dist/index.js
Mar 13 03:45:24 info: [builder] Built src/index.ts/dist/index.mjs
Mar 13 03:45:24 info: [builder] Built src/index.ts/dist/index.d.ts
Mar 26 05:16:10 info: [builder] Built src/index.ts/dist/index.js
Mar 26 05:16:10 info: [builder] Built src/index.ts/dist/index.mjs
Mar 26 05:16:11 info: [builder] Built src/index.ts/dist/index.d.ts
Mar 26 05:22:46 info: [builder] Built src/index.ts/dist/index.js
Mar 26 05:22:46 info: [builder] Built src/index.ts/dist/index.mjs
Mar 26 05:22:47 info: [builder] Built src/index.ts/dist/index.d.ts
Mar 26 05:23:12 info: [builder] Built src/index.ts/dist/index.js
Mar 26 05:23:12 info: [builder] Built src/index.ts/dist/index.mjs
Mar 26 05:23:13 info: [builder] Built src/index.ts/dist/index.d.ts
Mar 26 06:46:30 info: [builder] Built src/index.ts/dist/index.js
Mar 26 06:46:30 info: [builder] Built src/index.ts/dist/index.mjs
Mar 26 06:46:31 info: [builder] Built src/index.ts/dist/index.d.ts
Mar 28 17:11:48 info: [builder] Built src/index.ts/dist/index.js
Mar 28 17:11:48 info: [builder] Built src/index.ts/dist/index.mjs
Mar 28 17:11:49 info: [builder] Built src/index.ts/dist/index.d.ts
Mar 28 17:14:27 info: [builder] Built src/index.ts/dist/index.js
Mar 28 17:14:27 info: [builder] Built src/index.ts/dist/index.mjs
Mar 28 17:14:28 info: [builder] Built src/index.ts/dist/index.d.ts
Mar 28 17:33:35 info: [builder] Built src/index.ts/dist/index.js
Mar 28 17:33:35 info: [builder] Built src/index.ts/dist/index.mjs
Mar 28 17:33:36 info: [builder] Built src/index.ts/dist/index.d.ts
Mar 28 17:50:23 info: [builder] Built src/index.ts/dist/index.js
Mar 28 17:50:23 info: [builder] Built src/index.ts/dist/index.mjs
Mar 28 17:50:26 info: [builder] Built src/index.ts/dist/index.d.ts
Mar 28 17:55:36 info: [builder] Built src/index.ts/dist/index.js
Mar 28 17:55:36 info: [builder] Built src/index.ts/dist/index.mjs
Mar 28 17:55:37 info: [builder] Built src/index.ts/dist/index.d.ts
Mar 28 18:00:12 info: [builder] Built src/index.ts/dist/index.js
Mar 28 18:00:12 info: [builder] Built src/index.ts/dist/index.mjs
Mar 28 18:00:13 info: [builder] Built src/index.ts/dist/index.d.ts
Mar 28 19:25:54 info: [builder] Built src/index.ts/dist/index.js
Mar 28 19:25:54 info: [builder] Built src/index.ts/dist/index.mjs
Mar 28 19:25:55 info: [builder] Built src/index.ts/dist/index.d.ts
Mar 29 06:15:22 info: [builder] Built src/index.ts/dist/index.js
Mar 29 06:15:22 info: [builder] Built src/index.ts/dist/index.mjs
Mar 29 06:15:22 info: [builder] Built src/index.ts/dist/index.d.ts
Mar 29 06:16:40 info: [builder] Built src/index.ts/dist/index.js
Mar 29 06:16:40 info: [builder] Built src/index.ts/dist/index.mjs
Mar 29 06:16:40 info: [builder] Built src/index.ts/dist/index.d.ts
Mar 29 06:17:03 info: [builder] Built src/index.ts/dist/index.js
Mar 29 06:17:03 info: [builder] Built src/index.ts/dist/index.mjs
Mar 29 06:17:04 info: [builder] Built src/index.ts/dist/index.d.ts
Mar 29 06:30:05 info: [builder] Built src/index.ts/dist/index.js
Mar 29 06:30:05 info: [builder] Built src/index.ts/dist/index.mjs
Mar 29 06:30:06 info: [builder] Built src/index.ts/dist/index.d.ts
Mar 29 06:33:02 info: [builder] Built src/index.ts/dist/index.js
Mar 29 06:33:02 info: [builder] Built src/index.ts/dist/index.mjs
Mar 29 06:33:48 info: [builder] Built src/index.ts/dist/index.js
Mar 29 06:33:48 info: [builder] Built src/index.ts/dist/index.mjs
Mar 29 06:33:49 info: [builder] Built src/index.ts/dist/index.d.ts
Mar 29 09:24:52 info: [builder] Built src/index.ts/dist/index.js
Mar 29 09:24:52 info: [builder] Built src/index.ts/dist/index.mjs
Mar 29 09:24:53 info: [builder] Built src/index.ts/dist/index.d.ts
Mar 29 09:26:34 info: [builder] Built src/index.ts/dist/index.js
Mar 29 09:26:34 info: [builder] Built src/index.ts/dist/index.mjs
Mar 29 09:26:35 info: [builder] Built src/index.ts/dist/index.d.ts
Mar 29 09:29:20 info: [builder] Built src/index.ts/dist/index.js
Mar 29 09:29:20 info: [builder] Built src/index.ts/dist/index.mjs
Mar 29 09:29:21 info: [builder] Built src/index.ts/dist/index.d.ts
Mar 29 09:33:04 info: [builder] Built src/index.ts/dist/index.js
Mar 29 09:33:04 info: [builder] Built src/index.ts/dist/index.mjs
Mar 29 09:33:04 info: [builder] Built src/index.ts/dist/index.d.ts
Mar 29 09:34:36 info: [builder] Built src/index.ts/dist/index.js
Mar 29 09:34:36 info: [builder] Built src/index.ts/dist/index.mjs
Mar 29 09:34:37 info: [builder] Built src/index.ts/dist/index.d.ts
Mar 29 09:35:04 info: [builder] Built src/index.ts/dist/index.js
Mar 29 09:35:04 info: [builder] Built src/index.ts/dist/index.mjs
Mar 29 09:35:05 info: [builder] Built src/index.ts/dist/index.d.ts
Mar 29 09:36:10 info: [builder] Built src/index.ts/dist/index.js
Mar 29 09:36:10 info: [builder] Built src/index.ts/dist/index.mjs
Mar 29 09:36:11 info: [builder] Built src/index.ts/dist/index.d.ts
Mar 29 09:38:35 info: [builder] Built src/index.ts/dist/index.js
Mar 29 09:38:35 info: [builder] Built src/index.ts/dist/index.mjs
Mar 29 09:38:36 info: [builder] Built src/index.ts/dist/index.d.ts
Mar 29 09:55:33 info: [builder] Built src/index.ts/dist/index.js
Mar 29 09:55:33 info: [builder] Built src/index.ts/dist/index.mjs
Mar 29 09:55:34 info: [builder] Built src/index.ts/dist/index.d.ts
Mar 29 10:49:57 info: [builder] Built src/index.ts/dist/index.js
Mar 29 10:49:57 info: [builder] Built src/index.ts/dist/index.mjs
Mar 29 10:49:58 info: [builder] Built src/index.ts/dist/index.d.ts
Mar 29 10:53:30 info: [builder] Built src/index.ts/dist/index.js
Mar 29 10:53:30 info: [builder] Built src/index.ts/dist/index.mjs
Mar 29 10:53:31 info: [builder] Built src/index.ts/dist/index.d.ts
Mar 29 13:41:16 info: [builder] Built src/index.ts/dist/index.js
Mar 29 13:41:16 info: [builder] Built src/index.ts/dist/index.mjs
Mar 29 13:41:17 info: [builder] Built src/index.ts/dist/index.d.ts
Mar 29 14:23:54 info: [builder] Built src/index.ts/dist/index.js
Mar 29 14:23:54 info: [builder] Built src/index.ts/dist/index.mjs
Mar 29 14:23:55 info: [builder] Built src/index.ts/dist/index.d.ts
Mar 29 14:30:54 info: [builder] Built src/index.ts/dist/index.js
Mar 29 14:30:54 info: [builder] Built src/index.ts/dist/index.mjs
Mar 29 14:30:56 info: [builder] Built src/index.ts/dist/index.d.ts
Mar 29 14:34:34 info: [builder] Built src/index.ts/dist/index.js
Mar 29 14:34:34 info: [builder] Built src/index.ts/dist/index.mjs
Mar 29 14:34:36 info: [builder] Built src/index.ts/dist/index.d.ts
Mar 29 14:37:54 info: [builder] Built src/index.ts/dist/index.js
Mar 29 14:37:54 info: [builder] Built src/index.ts/dist/index.mjs
Mar 29 14:37:55 info: [builder] Built src/index.ts/dist/index.d.ts
Mar 29 14:39:33 info: [builder] Built src/index.ts/dist/index.js
Mar 29 14:39:33 info: [builder] Built src/index.ts/dist/index.mjs
Mar 29 14:39:34 info: [builder] Built src/index.ts/dist/index.d.ts
Mar 29 14:39:39 info: [builder] Built src/index.ts/dist/index.js
Mar 29 14:39:39 info: [builder] Built src/index.ts/dist/index.mjs
Mar 29 14:41:45 info: [builder] Built src/index.ts/dist/index.js
Mar 29 14:41:45 info: [builder] Built src/index.ts/dist/index.mjs
Mar 29 14:41:46 info: [builder] Built src/index.ts/dist/index.d.ts
Mar 29 14:43:41 info: [builder] Built src/index.ts/dist/index.js
Mar 29 14:43:41 info: [builder] Built src/index.ts/dist/index.mjs
Mar 29 14:43:42 info: [builder] Built src/index.ts/dist/index.d.ts
Mar 29 14:43:47 info: [builder] Built src/index.ts/dist/index.js
Mar 29 14:43:47 info: [builder] Built src/index.ts/dist/index.mjs
Mar 29 14:43:48 info: [builder] Built src/index.ts/dist/index.d.ts
Mar 29 14:43:49 info: [builder] Built src/index.ts/dist/index.js
Mar 29 14:43:49 info: [builder] Built src/index.ts/dist/index.mjs
Mar 29 14:43:49 info: [builder] Built src/index.ts/dist/index.d.ts
Mar 29 14:45:09 info: [builder] Built src/index.ts/dist/index.js
Mar 29 14:45:10 info: [builder] Built src/index.ts/dist/index.mjs
Mar 29 14:45:11 info: [builder] Built src/index.ts/dist/index.d.ts
Mar 29 15:03:22 info: [builder] Built src/index.ts/dist/index.js
Mar 29 15:03:22 info: [builder] Built src/index.ts/dist/index.mjs
Mar 29 15:03:26 info: [builder] Built src/index.ts/dist/index.d.ts
Mar 29 15:29:09 info: [builder] Built src/index.ts/dist/index.js
Mar 29 15:29:09 info: [builder] Built src/index.ts/dist/index.mjs
Mar 29 15:29:14 info: [builder] Built src/index.ts/dist/index.d.ts
Mar 29 17:54:18 info: [builder] Built src/index.ts/dist/index.js
Mar 29 17:54:18 info: [builder] Built src/index.ts/dist/index.mjs
Mar 29 17:54:19 info: [builder] Built src/index.ts/dist/index.d.ts
Mar 29 18:14:40 info: [builder] Built src/index.ts/dist/index.js
Mar 29 18:14:40 info: [builder] Built src/index.ts/dist/index.mjs
Mar 29 18:14:40 info: [builder] Built src/index.ts/dist/index.d.ts
Apr 06 13:53:12 info: [builder] Built src/index.ts/dist/index.js
Apr 06 13:53:12 info: [builder] Built src/index.ts/dist/index.mjs
Apr 06 13:53:17 info: [builder] Built src/index.ts/dist/index.d.ts
Apr 21 17:22:09 info: [builder] Built src/index.ts/dist/index.js
Apr 21 17:22:09 info: [builder] Built src/index.ts/dist/index.mjs
Apr 21 17:22:12 info: [builder] Built src/index.ts/dist/index.d.ts
Apr 28 05:13:00 info: [builder] Built src/index.ts/dist/index.js
Apr 28 05:13:00 info: [builder] Built src/index.ts/dist/index.mjs
Apr 28 05:13:00 info: [builder] Built src/index.ts/dist/index.d.ts
Apr 28 05:22:30 info: [builder] Built src/index.ts/dist/index.js
Apr 28 05:22:30 info: [builder] Built src/index.ts/dist/index.mjs
Apr 28 05:22:31 info: [builder] Built src/index.ts/dist/index.d.ts
Apr 29 16:20:52 info: [builder] Built src/index.ts/dist/index.js
Apr 29 16:20:52 info: [builder] Built src/index.ts/dist/index.mjs
Apr 29 16:20:57 info: [builder] Built src/index.ts/dist/index.d.ts
May 01 09:49:25 info: [builder] Built src/index.ts/dist/index.js
May 01 09:49:25 info: [builder] Built src/index.ts/dist/index.mjs
May 01 09:49:30 info: [builder] Built src/index.ts/dist/index.d.ts
May 12 22:24:28 info: [builder] Built src/index.ts/dist/index.js
May 12 22:24:28 info: [builder] Built src/index.ts/dist/index.mjs
May 12 22:24:32 info: [builder] Built src/index.ts/dist/index.d.ts
May 12 22:36:18 error: [rpc-test] Strict response validation is enabled
May 12 22:36:18 error: [rpc-test] Strict response validation is enabled
May 22 10:07:44 error: [rpc-test] Strict response validation is enabled
May 22 10:07:44 error: [rpc-test] Strict response validation is enabled
May 23 19:13:05 info: [builder] Built src/index.ts/dist/index.js
May 23 19:13:05 info: [builder] Built src/index.ts/dist/index.mjs
May 23 19:13:18 info: [builder] Built src/index.ts/dist/index.js
May 23 19:13:18 info: [builder] Built src/index.ts/dist/index.mjs
May 23 19:13:19 info: [builder] Built src/index.ts/dist/index.d.ts
May 23 19:13:56 error: [rpc-test] Strict response validation is enabled
May 23 19:13:56 error: [rpc-test] Strict response validation is enabled
May 23 19:14:31 error: [rpc-test] Strict response validation is enabled
May 23 19:14:31 error: [rpc-test] Strict response validation is enabled
May 23 19:16:28 info: [builder] Built src/index.ts/dist/index.js
May 23 19:16:28 info: [builder] Built src/index.ts/dist/index.mjs
May 23 19:16:29 info: [builder] Built src/index.ts/dist/index.d.ts
May 23 19:32:53 info: [builder] Built src/index.ts/dist/index.js
May 23 19:32:53 info: [builder] Built src/index.ts/dist/index.mjs
May 23 19:32:54 info: [builder] Built src/index.ts/dist/index.d.ts
May 26 15:27:40 info: [builder] Built src/index.ts/dist/index.js
May 26 15:27:40 info: [builder] Built src/index.ts/dist/index.mjs
May 26 15:28:34 info: [builder] Built src/index.ts/dist/index.js
May 26 15:28:34 info: [builder] Built src/index.ts/dist/index.mjs
May 26 15:28:55 info: [builder] Built src/index.ts/dist/index.js
May 26 15:28:55 info: [builder] Built src/index.ts/dist/index.mjs
May 26 15:28:56 info: [builder] Built src/index.ts/dist/index.d.ts
May 26 16:13:35 info: [builder] Built src/index.ts/dist/index.js
May 26 16:13:35 info: [builder] Built src/index.ts/dist/index.mjs
May 26 16:13:35 info: [builder] Built src/index.ts/dist/index.d.ts
May 27 09:26:58 info: [builder] Built src/index.ts/dist/index.js
May 27 09:26:58 info: [builder] Built src/index.ts/dist/index.mjs
May 27 09:26:59 info: [builder] Built src/index.ts/dist/index.d.ts
May 27 11:19:37 info: [builder] Built src/index.ts/dist/index.js
May 27 11:19:37 info: [builder] Built src/index.ts/dist/index.mjs
May 27 11:19:38 info: [builder] Built src/index.ts/dist/index.d.ts
May 27 11:22:14 info: [builder] Built src/index.ts/dist/index.js
May 27 11:22:14 info: [builder] Built src/index.ts/dist/index.mjs
May 27 11:22:15 info: [builder] Built src/index.ts/dist/index.d.ts
May 27 11:32:32 info: [builder] Built src/index.ts/dist/index.js
May 27 11:32:32 info: [builder] Built src/index.ts/dist/index.mjs
May 27 11:32:33 info: [builder] Built src/index.ts/dist/index.d.ts
May 27 11:36:36 info: [builder] Built src/index.ts/dist/index.js
May 27 11:36:36 info: [builder] Built src/index.ts/dist/index.mjs
May 27 11:36:37 info: [builder] Built src/index.ts/dist/index.d.ts
May 27 11:37:58 info: [builder] Built src/index.ts/dist/index.js
May 27 11:37:58 info: [builder] Built src/index.ts/dist/index.mjs
May 27 11:37:59 info: [builder] Built src/index.ts/dist/index.d.ts
May 27 11:46:11 info: [builder] Built src/index.ts/dist/index.js
May 27 11:46:11 info: [builder] Built src/index.ts/dist/index.mjs
May 27 11:46:12 info: [builder] Built src/index.ts/dist/index.d.ts
May 27 11:51:26 info: [builder] Built src/index.ts/dist/index.js
May 27 11:51:26 info: [builder] Built src/index.ts/dist/index.mjs
May 27 11:51:27 info: [builder] Built src/index.ts/dist/index.d.ts
May 27 11:51:41 info: [builder] Built src/index.ts/dist/index.js
May 27 11:51:41 info: [builder] Built src/index.ts/dist/index.mjs
May 27 11:51:42 info: [builder] Built src/index.ts/dist/index.d.ts
May 27 11:52:56 info: [builder] Built src/index.ts/dist/index.js
May 27 11:52:56 info: [builder] Built src/index.ts/dist/index.mjs
May 27 11:52:57 info: [builder] Built src/index.ts/dist/index.d.ts
May 27 11:55:10 info: [builder] Built src/index.ts/dist/index.js
May 27 11:55:10 info: [builder] Built src/index.ts/dist/index.mjs
May 27 11:55:11 info: [builder] Built src/index.ts/dist/index.d.ts
May 27 11:55:59 info: [builder] Built src/index.ts/dist/index.js
May 27 11:55:59 info: [builder] Built src/index.ts/dist/index.mjs
May 27 11:56:00 info: [builder] Built src/index.ts/dist/index.d.ts
May 27 12:02:55 info: [builder] Built src/index.ts/dist/index.js
May 27 12:02:55 info: [builder] Built src/index.ts/dist/index.mjs
May 27 12:02:56 info: [builder] Built src/index.ts/dist/index.d.ts
May 27 12:03:08 info: [builder] Built src/index.ts/dist/index.js
May 27 12:03:08 info: [builder] Built src/index.ts/dist/index.mjs
May 27 12:03:09 info: [builder] Built src/index.ts/dist/index.d.ts
May 27 12:04:30 info: [builder] Built src/index.ts/dist/index.js
May 27 12:04:30 info: [builder] Built src/index.ts/dist/index.mjs
May 27 12:04:31 info: [builder] Built src/index.ts/dist/index.d.ts
May 27 12:04:45 info: [builder] Built src/index.ts/dist/index.js
May 27 12:04:45 info: [builder] Built src/index.ts/dist/index.mjs
May 27 12:04:46 info: [builder] Built src/index.ts/dist/index.d.ts
May 27 16:52:57 info: [builder] Built src/index.ts/dist/index.js
May 27 16:52:57 info: [builder] Built src/index.ts/dist/index.mjs
May 27 16:52:58 info: [builder] Built src/index.ts/dist/index.d.ts
May 27 17:04:54 info: [builder] Built src/index.ts/dist/index.js
May 27 17:04:54 info: [builder] Built src/index.ts/dist/index.mjs
May 27 17:04:55 info: [builder] Built src/index.ts/dist/index.d.ts
May 27 17:11:12 info: [builder] Built src/index.ts/dist/index.js
May 27 17:11:12 info: [builder] Built src/index.ts/dist/index.mjs
May 27 17:11:13 info: [builder] Built src/index.ts/dist/index.d.ts
May 27 17:35:59 info: [builder] Built src/index.ts/dist/index.js
May 27 17:35:59 info: [builder] Built src/index.ts/dist/index.mjs
May 27 17:36:00 info: [builder] Built src/index.ts/dist/index.d.ts
May 27 18:57:09 info: [builder] Built src/index.ts/dist/index.js
May 27 18:57:09 info: [builder] Built src/index.ts/dist/index.mjs
May 27 18:57:10 info: [builder] Built src/index.ts/dist/index.d.ts
May 27 18:57:51 info: [builder] Built src/index.ts/dist/index.js
May 27 18:57:51 info: [builder] Built src/index.ts/dist/index.mjs
May 27 18:57:52 info: [builder] Built src/index.ts/dist/index.d.ts
May 27 18:58:15 info: [builder] Built src/index.ts/dist/index.js
May 27 18:58:15 info: [builder] Built src/index.ts/dist/index.mjs
May 27 18:58:16 info: [builder] Built src/index.ts/dist/index.d.ts
May 27 19:00:10 info: [builder] Built src/index.ts/dist/index.js
May 27 19:00:10 info: [builder] Built src/index.ts/dist/index.mjs
May 27 19:00:11 info: [builder] Built src/index.ts/dist/index.d.ts
May 28 19:03:55 info: [builder] Built src/index.ts/dist/index.js
May 28 19:03:55 info: [builder] Built src/index.ts/dist/index.mjs
May 28 19:03:56 info: [builder] Built src/index.ts/dist/index.d.ts
May 28 19:47:27 info: [builder] Built src/index.ts/dist/index.js
May 28 19:47:27 info: [builder] Built src/index.ts/dist/index.mjs
May 28 19:49:22 info: [builder] Built src/index.ts/dist/index.js
May 28 19:49:22 info: [builder] Built src/index.ts/dist/index.mjs
May 28 19:49:23 info: [builder] Built src/index.ts/dist/index.d.ts
May 29 17:36:23 info: [builder] Built src/index.ts/dist/index.js
May 29 17:36:23 info: [builder] Built src/index.ts/dist/index.mjs
May 29 17:36:24 info: [builder] Built src/index.ts/dist/index.d.ts
May 29 19:03:00 info: [builder] Built src/index.ts/dist/index.js
May 29 19:03:00 info: [builder] Built src/index.ts/dist/index.mjs
May 29 19:03:01 info: [builder] Built src/index.ts/dist/index.d.ts
May 29 19:05:54 info: [builder] Built src/index.ts/dist/index.js
May 29 19:05:54 info: [builder] Built src/index.ts/dist/index.mjs
May 29 19:05:55 info: [builder] Built src/index.ts/dist/index.d.ts
May 29 19:09:23 info: [builder] Built src/index.ts/dist/index.js
May 29 19:09:23 info: [builder] Built src/index.ts/dist/index.mjs
May 29 19:09:24 info: [builder] Built src/index.ts/dist/index.d.ts
May 29 19:19:04 info: [builder] Built src/index.ts/dist/index.js
May 29 19:19:04 info: [builder] Built src/index.ts/dist/index.mjs
May 29 19:19:05 info: [builder] Built src/index.ts/dist/index.d.ts
May 29 19:21:15 info: [builder] Built src/index.ts/dist/index.js
May 29 19:21:15 info: [builder] Built src/index.ts/dist/index.mjs
May 29 19:21:16 info: [builder] Built src/index.ts/dist/index.d.ts
May 29 19:33:49 info: [builder] Built src/index.ts/dist/index.js
May 29 19:33:49 info: [builder] Built src/index.ts/dist/index.mjs
May 29 19:33:50 info: [builder] Built src/index.ts/dist/index.d.ts
